<?xml version="1.0" encoding="UTF-8"?>
<coverage generated="1471927008">
  <project timestamp="1471927008">
    <package name="rokugasenpai\TestDataGenerator">
      <file name="C:\Users\owner\TestDataGenerator\src/Config.php">
        <class name="Config" namespace="rokugasenpai\TestDataGenerator" fullPackage="TestDataGenerator" package="TestDataGenerator">
          <metrics methods="13" coveredmethods="1" conditionals="0" coveredconditionals="0" statements="120" coveredstatements="60" elements="133" coveredelements="61"/>
        </class>
        <line num="85" type="method" name="__construct" crap="1" count="67"/>
        <line num="87" type="stmt" count="67"/>
        <line num="89" type="stmt" count="67"/>
        <line num="90" type="stmt" count="67"/>
        <line num="101" type="method" name="_check_and_set_props" crap="4.25" count="67"/>
        <line num="103" type="stmt" count="67"/>
        <line num="105" type="stmt" count="0"/>
        <line num="108" type="stmt" count="67"/>
        <line num="110" type="stmt" count="67"/>
        <line num="112" type="stmt" count="67"/>
        <line num="115" type="stmt" count="67"/>
        <line num="117" type="stmt" count="0"/>
        <line num="119" type="stmt" count="67"/>
        <line num="130" type="method" name="_check_and_set_num_data" crap="2.26" count="67"/>
        <line num="132" type="stmt" count="67"/>
        <line num="134" type="stmt" count="0"/>
        <line num="135" type="stmt" count="0"/>
        <line num="138" type="stmt" count="67"/>
        <line num="139" type="stmt" count="67"/>
        <line num="150" type="method" name="_check_and_set_record_rules" crap="12.10" count="67"/>
        <line num="152" type="stmt" count="67"/>
        <line num="154" type="stmt" count="0"/>
        <line num="155" type="stmt" count="0"/>
        <line num="158" type="stmt" count="67"/>
        <line num="160" type="stmt" count="67"/>
        <line num="162" type="stmt" count="0"/>
        <line num="166" type="stmt" count="67"/>
        <line num="167" type="stmt" count="67"/>
        <line num="169" type="stmt" count="0"/>
        <line num="170" type="stmt" count="0"/>
        <line num="175" type="stmt" count="67"/>
        <line num="181" type="stmt" count="67"/>
        <line num="183" type="stmt" count="0"/>
        <line num="186" type="stmt" count="67"/>
        <line num="187" type="stmt" count="67"/>
        <line num="198" type="method" name="_check_and_set_output_filepath" crap="5.40" count="4"/>
        <line num="200" type="stmt" count="4"/>
        <line num="202" type="stmt" count="0"/>
        <line num="203" type="stmt" count="0"/>
        <line num="208" type="stmt" count="4"/>
        <line num="209" type="stmt" count="4"/>
        <line num="211" type="stmt" count="4"/>
        <line num="213" type="stmt" count="0"/>
        <line num="215" type="stmt" count="0"/>
        <line num="217" type="stmt" count="4"/>
        <line num="228" type="method" name="_check_and_set_need_null" crap="6" count="0"/>
        <line num="230" type="stmt" count="0"/>
        <line num="232" type="stmt" count="0"/>
        <line num="235" type="stmt" count="0"/>
        <line num="236" type="stmt" count="0"/>
        <line num="246" type="method" name="_check_and_set_masters" crap="50.24" count="12"/>
        <line num="248" type="stmt" count="12"/>
        <line num="249" type="stmt" count="12"/>
        <line num="251" type="stmt" count="0"/>
        <line num="252" type="stmt" count="0"/>
        <line num="255" type="stmt" count="12"/>
        <line num="256" type="stmt" count="12"/>
        <line num="258" type="stmt" count="12"/>
        <line num="260" type="stmt" count="12"/>
        <line num="263" type="stmt" count="12"/>
        <line num="264" type="stmt" count="12"/>
        <line num="265" type="stmt" count="12"/>
        <line num="266" type="stmt" count="12"/>
        <line num="268" type="stmt" count="0"/>
        <line num="269" type="stmt" count="0"/>
        <line num="270" type="stmt" count="0"/>
        <line num="273" type="stmt" count="12"/>
        <line num="276" type="stmt" count="12"/>
        <line num="277" type="stmt" count="12"/>
        <line num="279" type="stmt" count="12"/>
        <line num="280" type="stmt" count="12"/>
        <line num="281" type="stmt" count="12"/>
        <line num="282" type="stmt" count="12"/>
        <line num="284" type="stmt" count="0"/>
        <line num="285" type="stmt" count="0"/>
        <line num="286" type="stmt" count="0"/>
        <line num="289" type="stmt" count="12"/>
        <line num="291" type="stmt" count="12"/>
        <line num="295" type="stmt" count="0"/>
        <line num="297" type="stmt" count="0"/>
        <line num="299" type="stmt" count="0"/>
        <line num="300" type="stmt" count="0"/>
        <line num="302" type="stmt" count="0"/>
        <line num="303" type="stmt" count="0"/>
        <line num="304" type="stmt" count="0"/>
        <line num="307" type="stmt" count="0"/>
        <line num="308" type="stmt" count="0"/>
        <line num="312" type="stmt" count="0"/>
        <line num="313" type="stmt" count="0"/>
        <line num="316" type="stmt" count="12"/>
        <line num="319" type="stmt" count="12"/>
        <line num="320" type="stmt" count="12"/>
        <line num="330" type="method" name="_check_and_set_null_value" crap="3.58" count="12"/>
        <line num="332" type="stmt" count="12"/>
        <line num="334" type="stmt" count="0"/>
        <line num="335" type="stmt" count="0"/>
        <line num="338" type="stmt" count="12"/>
        <line num="339" type="stmt" count="12"/>
        <line num="350" type="method" name="_check_and_set_need_header" crap="2.26" count="65"/>
        <line num="352" type="stmt" count="65"/>
        <line num="354" type="stmt" count="0"/>
        <line num="355" type="stmt" count="0"/>
        <line num="358" type="stmt" count="65"/>
        <line num="359" type="stmt" count="65"/>
        <line num="370" type="method" name="_check_and_set_need_stdout" crap="2.06" count="2"/>
        <line num="372" type="stmt" count="2"/>
        <line num="374" type="stmt" count="0"/>
        <line num="377" type="stmt" count="2"/>
        <line num="378" type="stmt" count="2"/>
        <line num="389" type="method" name="_check_and_set_eol" crap="4.25" count="67"/>
        <line num="391" type="stmt" count="67"/>
        <line num="393" type="stmt" count="0"/>
        <line num="396" type="stmt" count="67"/>
        <line num="397" type="stmt" count="67"/>
        <line num="409" type="method" name="_check_and_set_charset" crap="20" count="0"/>
        <line num="411" type="stmt" count="0"/>
        <line num="413" type="stmt" count="0"/>
        <line num="414" type="stmt" count="0"/>
        <line num="417" type="stmt" count="0"/>
        <line num="418" type="stmt" count="0"/>
        <line num="420" type="stmt" count="0"/>
        <line num="421" type="stmt" count="0"/>
        <line num="424" type="stmt" count="0"/>
        <line num="425" type="stmt" count="0"/>
        <line num="436" type="method" name="_check_and_set_memory_limit" crap="12" count="0"/>
        <line num="438" type="stmt" count="0"/>
        <line num="440" type="stmt" count="0"/>
        <line num="441" type="stmt" count="0"/>
        <line num="444" type="stmt" count="0"/>
        <line num="445" type="stmt" count="0"/>
        <line num="446" type="stmt" count="0"/>
        <line num="448" type="stmt" count="0"/>
        <line num="449" type="stmt" count="0"/>
        <metrics loc="449" ncloc="292" classes="1" methods="13" coveredmethods="1" conditionals="0" coveredconditionals="0" statements="120" coveredstatements="60" elements="133" coveredelements="61"/>
      </file>
      <file name="C:\Users\owner\TestDataGenerator\src/Field.php">
        <class name="Field" namespace="rokugasenpai\TestDataGenerator" fullPackage="TestDataGenerator" package="TestDataGenerator">
          <metrics methods="12" coveredmethods="8" conditionals="0" coveredconditionals="0" statements="100" coveredstatements="95" elements="112" coveredelements="103"/>
        </class>
        <line num="55" type="method" name="__construct" crap="1" count="67"/>
        <line num="57" type="stmt" count="67"/>
        <line num="58" type="stmt" count="67"/>
        <line num="73" type="method" name="set_value" crap="8.12" count="67"/>
        <line num="75" type="stmt" count="67"/>
        <line num="76" type="stmt" count="67"/>
        <line num="77" type="stmt" count="67"/>
        <line num="79" type="stmt" count="67"/>
        <line num="81" type="stmt" count="67"/>
        <line num="82" type="stmt" count="67"/>
        <line num="83" type="stmt" count="67"/>
        <line num="85" type="stmt" count="67"/>
        <line num="89" type="stmt" count="67"/>
        <line num="91" type="stmt" count="67"/>
        <line num="95" type="stmt" count="2"/>
        <line num="98" type="stmt" count="2"/>
        <line num="101" type="stmt" count="67"/>
        <line num="103" type="stmt" count="0"/>
        <line num="104" type="stmt" count="0"/>
        <line num="106" type="stmt" count="67"/>
        <line num="116" type="method" name="get_value" crap="1" count="67"/>
        <line num="118" type="stmt" count="67"/>
        <line num="130" type="method" name="_check_value" crap="6" count="67"/>
        <line num="132" type="stmt" count="67"/>
        <line num="133" type="stmt" count="4"/>
        <line num="134" type="stmt" count="4"/>
        <line num="136" type="stmt" count="4"/>
        <line num="137" type="stmt" count="67"/>
        <line num="139" type="stmt" count="67"/>
        <line num="142" type="stmt" count="2"/>
        <line num="156" type="method" name="_seq" crap="1" count="17"/>
        <line num="158" type="stmt" count="17"/>
        <line num="159" type="stmt" count="17"/>
        <line num="172" type="method" name="_number" crap="2.01" count="10"/>
        <line num="174" type="stmt" count="10"/>
        <line num="175" type="stmt" count="10"/>
        <line num="176" type="stmt" count="10"/>
        <line num="177" type="stmt" count="10"/>
        <line num="179" type="stmt" count="10"/>
        <line num="181" type="stmt" count="0"/>
        <line num="185" type="stmt" count="10"/>
        <line num="186" type="stmt" count="10"/>
        <line num="188" type="stmt" count="10"/>
        <line num="201" type="method" name="_datetime" crap="1" count="12"/>
        <line num="203" type="stmt" count="12"/>
        <line num="204" type="stmt" count="12"/>
        <line num="217" type="method" name="_timestamp" crap="1" count="10"/>
        <line num="219" type="stmt" count="10"/>
        <line num="220" type="stmt" count="10"/>
        <line num="230" type="method" name="_common_datetime_timestamp" crap="7" count="22"/>
        <line num="232" type="stmt" count="22"/>
        <line num="233" type="stmt" count="22"/>
        <line num="234" type="stmt" count="22"/>
        <line num="235" type="stmt" count="22"/>
        <line num="237" type="stmt" count="22"/>
        <line num="238" type="stmt" count="22"/>
        <line num="241" type="stmt" count="22"/>
        <line num="245" type="stmt" count="8"/>
        <line num="246" type="stmt" count="8"/>
        <line num="247" type="stmt" count="8"/>
        <line num="248" type="stmt" count="8"/>
        <line num="249" type="stmt" count="8"/>
        <line num="250" type="stmt" count="8"/>
        <line num="251" type="stmt" count="8"/>
        <line num="252" type="stmt" count="8"/>
        <line num="253" type="stmt" count="8"/>
        <line num="254" type="stmt" count="8"/>
        <line num="255" type="stmt" count="8"/>
        <line num="257" type="stmt" count="8"/>
        <line num="262" type="stmt" count="14"/>
        <line num="263" type="stmt" count="14"/>
        <line num="264" type="stmt" count="14"/>
        <line num="265" type="stmt" count="14"/>
        <line num="266" type="stmt" count="14"/>
        <line num="267" type="stmt" count="14"/>
        <line num="269" type="stmt" count="8"/>
        <line num="273" type="stmt" count="22"/>
        <line num="276" type="stmt" count="10"/>
        <line num="281" type="stmt" count="12"/>
        <line num="296" type="method" name="_pattern" crap="6.01" count="22"/>
        <line num="298" type="stmt" count="22"/>
        <line num="299" type="stmt" count="22"/>
        <line num="301" type="stmt" count="22"/>
        <line num="303" type="stmt" count="22"/>
        <line num="305" type="stmt" count="12"/>
        <line num="306" type="stmt" count="12"/>
        <line num="309" type="stmt" count="12"/>
        <line num="311" type="stmt" count="12"/>
        <line num="312" type="stmt" count="12"/>
        <line num="314" type="stmt" count="12"/>
        <line num="315" type="stmt" count="12"/>
        <line num="319" type="stmt" count="12"/>
        <line num="320" type="stmt" count="12"/>
        <line num="326" type="stmt" count="22"/>
        <line num="330" type="stmt" count="22"/>
        <line num="332" type="stmt" count="0"/>
        <line num="336" type="stmt" count="22"/>
        <line num="338" type="stmt" count="22"/>
        <line num="351" type="method" name="_master" crap="3.03" count="12"/>
        <line num="353" type="stmt" count="12"/>
        <line num="355" type="stmt" count="12"/>
        <line num="356" type="stmt" count="12"/>
        <line num="359" type="stmt" count="12"/>
        <line num="361" type="stmt" count="0"/>
        <line num="365" type="stmt" count="12"/>
        <line num="368" type="stmt" count="12"/>
        <line num="381" type="method" name="_code" crap="2" count="2"/>
        <line num="383" type="stmt" count="2"/>
        <line num="385" type="stmt" count="2"/>
        <line num="386" type="stmt" count="2"/>
        <line num="389" type="stmt" count="2"/>
        <line num="390" type="stmt" count="2"/>
        <metrics loc="390" ncloc="232" classes="1" methods="12" coveredmethods="8" conditionals="0" coveredconditionals="0" statements="100" coveredstatements="95" elements="112" coveredelements="103"/>
      </file>
      <file name="C:\Users\owner\TestDataGenerator\src/Pattern.php">
        <class name="Pattern" namespace="rokugasenpai\TestDataGenerator" fullPackage="TestDataGenerator" package="TestDataGenerator">
          <metrics methods="2" coveredmethods="1" conditionals="0" coveredconditionals="0" statements="6" coveredstatements="4" elements="8" coveredelements="5"/>
        </class>
        <line num="46" type="method" name="__construct" crap="1" count="1"/>
        <line num="49" type="stmt" count="1"/>
        <line num="60" type="method" name="get" crap="3.58" count="8"/>
        <line num="62" type="stmt" count="8"/>
        <line num="63" type="stmt" count="8"/>
        <line num="66" type="stmt" count="8"/>
        <line num="68" type="stmt" count="0"/>
        <line num="70" type="stmt" count="0"/>
        <metrics loc="73" ncloc="38" classes="1" methods="2" coveredmethods="1" conditionals="0" coveredconditionals="0" statements="6" coveredstatements="4" elements="8" coveredelements="5"/>
      </file>
      <file name="C:\Users\owner\TestDataGenerator\src/Record.php">
        <class name="Record" namespace="rokugasenpai\TestDataGenerator" fullPackage="TestDataGenerator" package="TestDataGenerator">
          <metrics methods="2" coveredmethods="2" conditionals="0" coveredconditionals="0" statements="16" coveredstatements="16" elements="18" coveredelements="18"/>
        </class>
        <line num="52" type="method" name="__construct" crap="7" count="67"/>
        <line num="54" type="stmt" count="67"/>
        <line num="57" type="stmt" count="67"/>
        <line num="60" type="stmt" count="67"/>
        <line num="61" type="stmt" count="67"/>
        <line num="63" type="stmt" count="67"/>
        <line num="65" type="stmt" count="67"/>
        <line num="66" type="stmt" count="67"/>
        <line num="67" type="stmt" count="67"/>
        <line num="73" type="stmt" count="67"/>
        <line num="75" type="stmt" count="67"/>
        <line num="76" type="stmt" count="67"/>
        <line num="79" type="stmt" count="67"/>
        <line num="81" type="stmt" count="67"/>
        <line num="82" type="stmt" count="67"/>
        <line num="84" type="stmt" count="67"/>
        <line num="93" type="method" name="get_values" crap="1" count="67"/>
        <line num="95" type="stmt" count="67"/>
        <metrics loc="97" ncloc="43" classes="1" methods="2" coveredmethods="2" conditionals="0" coveredconditionals="0" statements="16" coveredstatements="16" elements="18" coveredelements="18"/>
      </file>
      <file name="C:\Users\owner\TestDataGenerator\src/Rule.php">
        <class name="Rule" namespace="rokugasenpai\TestDataGenerator" fullPackage="TestDataGenerator" package="TestDataGenerator">
          <metrics methods="15" coveredmethods="13" conditionals="0" coveredconditionals="0" statements="279" coveredstatements="273" elements="294" coveredelements="286"/>
        </class>
        <line num="123" type="method" name="__construct" crap="1" count="67"/>
        <line num="125" type="stmt" count="67"/>
        <line num="126" type="stmt" count="67"/>
        <line num="127" type="stmt" count="67"/>
        <line num="129" type="stmt" count="67"/>
        <line num="130" type="stmt" count="67"/>
        <line num="132" type="stmt" count="67"/>
        <line num="133" type="stmt" count="67"/>
        <line num="135" type="stmt" count="67"/>
        <line num="136" type="stmt" count="67"/>
        <line num="138" type="stmt" count="67"/>
        <line num="139" type="stmt" count="67"/>
        <line num="141" type="stmt" count="67"/>
        <line num="142" type="stmt" count="67"/>
        <line num="144" type="stmt" count="67"/>
        <line num="145" type="stmt" count="67"/>
        <line num="147" type="stmt" count="67"/>
        <line num="148" type="stmt" count="67"/>
        <line num="151" type="stmt" count="67"/>
        <line num="152" type="stmt" count="67"/>
        <line num="153" type="stmt" count="67"/>
        <line num="155" type="stmt" count="67"/>
        <line num="156" type="stmt" count="67"/>
        <line num="157" type="stmt" count="67"/>
        <line num="159" type="stmt" count="67"/>
        <line num="160" type="stmt" count="67"/>
        <line num="161" type="stmt" count="67"/>
        <line num="163" type="stmt" count="67"/>
        <line num="164" type="stmt" count="67"/>
        <line num="165" type="stmt" count="67"/>
        <line num="167" type="stmt" count="67"/>
        <line num="168" type="stmt" count="67"/>
        <line num="169" type="stmt" count="67"/>
        <line num="171" type="stmt" count="67"/>
        <line num="172" type="stmt" count="67"/>
        <line num="173" type="stmt" count="67"/>
        <line num="176" type="stmt" count="67"/>
        <line num="177" type="stmt" count="67"/>
        <line num="178" type="stmt" count="67"/>
        <line num="179" type="stmt" count="67"/>
        <line num="181" type="stmt" count="67"/>
        <line num="182" type="stmt" count="67"/>
        <line num="183" type="stmt" count="67"/>
        <line num="184" type="stmt" count="67"/>
        <line num="186" type="stmt" count="67"/>
        <line num="187" type="stmt" count="67"/>
        <line num="188" type="stmt" count="67"/>
        <line num="189" type="stmt" count="67"/>
        <line num="191" type="stmt" count="67"/>
        <line num="192" type="stmt" count="67"/>
        <line num="193" type="stmt" count="67"/>
        <line num="194" type="stmt" count="67"/>
        <line num="196" type="stmt" count="67"/>
        <line num="197" type="stmt" count="67"/>
        <line num="198" type="stmt" count="67"/>
        <line num="199" type="stmt" count="67"/>
        <line num="201" type="stmt" count="67"/>
        <line num="202" type="stmt" count="67"/>
        <line num="203" type="stmt" count="67"/>
        <line num="204" type="stmt" count="67"/>
        <line num="206" type="stmt" count="67"/>
        <line num="207" type="stmt" count="67"/>
        <line num="208" type="stmt" count="67"/>
        <line num="209" type="stmt" count="67"/>
        <line num="212" type="stmt" count="67"/>
        <line num="213" type="stmt" count="67"/>
        <line num="221" type="method" name="get_values" crap="1" count="67"/>
        <line num="223" type="stmt" count="67"/>
        <line num="235" type="method" name="_check_and_set_props" crap="5" count="67"/>
        <line num="238" type="stmt" count="67"/>
        <line num="239" type="stmt" count="67"/>
        <line num="240" type="method" name="anonymous function" crap="1" count="67"/>
        <line num="241" type="stmt" count="67"/>
        <line num="242" type="stmt" count="67"/>
        <line num="243" type="stmt" count="67"/>
        <line num="245" type="stmt" count="67"/>
        <line num="248" type="stmt" count="67"/>
        <line num="251" type="stmt" count="67"/>
        <line num="253" type="stmt" count="67"/>
        <line num="254" type="stmt" count="67"/>
        <line num="255" type="stmt" count="67"/>
        <line num="258" type="stmt" count="67"/>
        <line num="266" type="method" name="_after_check_props" crap="12.33" count="67"/>
        <line num="268" type="stmt" count="67"/>
        <line num="270" type="stmt" count="63"/>
        <line num="273" type="stmt" count="4"/>
        <line num="275" type="stmt" count="4"/>
        <line num="277" type="stmt" count="0"/>
        <line num="280" type="stmt" count="4"/>
        <line num="282" type="stmt" count="4"/>
        <line num="284" type="stmt" count="0"/>
        <line num="287" type="stmt" count="4"/>
        <line num="288" type="stmt" count="4"/>
        <line num="290" type="stmt" count="4"/>
        <line num="292" type="stmt" count="4"/>
        <line num="294" type="stmt" count="4"/>
        <line num="296" type="stmt" count="4"/>
        <line num="301" type="stmt" count="4"/>
        <line num="303" type="stmt" count="0"/>
        <line num="304" type="stmt" count="0"/>
        <line num="306" type="stmt" count="4"/>
        <line num="317" type="method" name="_check_and_set_uint" crap="2.26" count="17"/>
        <line num="319" type="stmt" count="17"/>
        <line num="321" type="stmt" count="0"/>
        <line num="322" type="stmt" count="0"/>
        <line num="325" type="stmt" count="17"/>
        <line num="326" type="stmt" count="17"/>
        <line num="338" type="method" name="_check_and_set_uint_range" crap="1" count="4"/>
        <line num="340" type="stmt" count="4"/>
        <line num="341" type="stmt" count="4"/>
        <line num="353" type="method" name="_check_and_set_numeric_range" crap="1" count="10"/>
        <line num="355" type="stmt" count="10"/>
        <line num="356" type="stmt" count="10"/>
        <line num="367" type="method" name="_common_uint_range_numeric_range" crap="32" count="14"/>
        <line num="369" type="stmt" count="14"/>
        <line num="371" type="stmt" count="14"/>
        <line num="373" type="stmt" count="2"/>
        <line num="374" type="stmt" count="2"/>
        <line num="375" type="stmt" count="2"/>
        <line num="376" type="stmt" count="2"/>
        <line num="379" type="stmt" count="14"/>
        <line num="380" type="stmt" count="14"/>
        <line num="382" type="stmt" count="14"/>
        <line num="384" type="stmt" count="2"/>
        <line num="385" type="stmt" count="2"/>
        <line num="387" type="stmt" count="12"/>
        <line num="391" type="stmt" count="14"/>
        <line num="394" type="stmt" count="14"/>
        <line num="396" type="stmt" count="14"/>
        <line num="397" type="stmt" count="14"/>
        <line num="399" type="stmt" count="14"/>
        <line num="405" type="stmt" count="14"/>
        <line num="412" type="stmt" count="14"/>
        <line num="413" type="stmt" count="14"/>
        <line num="414" type="stmt" count="14"/>
        <line num="415" type="stmt" count="14"/>
        <line num="417" type="stmt" count="14"/>
        <line num="426" type="stmt" count="14"/>
        <line num="427" type="stmt" count="14"/>
        <line num="428" type="stmt" count="14"/>
        <line num="429" type="stmt" count="14"/>
        <line num="432" type="stmt" count="14"/>
        <line num="433" type="stmt" count="14"/>
        <line num="434" type="stmt" count="14"/>
        <line num="435" type="stmt" count="14"/>
        <line num="437" type="stmt" count="14"/>
        <line num="438" type="stmt" count="14"/>
        <line num="439" type="stmt" count="14"/>
        <line num="446" type="stmt" count="14"/>
        <line num="447" type="stmt" count="14"/>
        <line num="448" type="stmt" count="14"/>
        <line num="449" type="stmt" count="14"/>
        <line num="451" type="stmt" count="14"/>
        <line num="458" type="stmt" count="14"/>
        <line num="459" type="stmt" count="14"/>
        <line num="460" type="stmt" count="1"/>
        <line num="462" type="stmt" count="14"/>
        <line num="463" type="stmt" count="2"/>
        <line num="465" type="stmt" count="14"/>
        <line num="466" type="stmt" count="2"/>
        <line num="469" type="stmt" count="14"/>
        <line num="486" type="stmt" count="14"/>
        <line num="493" type="stmt" count="14"/>
        <line num="494" type="stmt" count="14"/>
        <line num="495" type="stmt" count="14"/>
        <line num="496" type="stmt" count="14"/>
        <line num="497" type="stmt" count="14"/>
        <line num="498" type="stmt" count="14"/>
        <line num="501" type="stmt" count="14"/>
        <line num="503" type="stmt" count="14"/>
        <line num="504" type="stmt" count="14"/>
        <line num="516" type="method" name="_check_and_set_datetime_range" crap="16" count="22"/>
        <line num="518" type="stmt" count="22"/>
        <line num="520" type="stmt" count="2"/>
        <line num="521" type="stmt" count="2"/>
        <line num="522" type="stmt" count="2"/>
        <line num="525" type="stmt" count="22"/>
        <line num="526" type="stmt" count="22"/>
        <line num="529" type="stmt" count="22"/>
        <line num="531" type="stmt" count="4"/>
        <line num="532" type="stmt" count="4"/>
        <line num="536" type="stmt" count="22"/>
        <line num="542" type="stmt" count="22"/>
        <line num="549" type="stmt" count="22"/>
        <line num="550" type="stmt" count="22"/>
        <line num="551" type="stmt" count="22"/>
        <line num="553" type="stmt" count="22"/>
        <line num="561" type="stmt" count="22"/>
        <line num="562" type="stmt" count="22"/>
        <line num="563" type="stmt" count="22"/>
        <line num="567" type="stmt" count="22"/>
        <line num="568" type="stmt" count="22"/>
        <line num="569" type="stmt" count="22"/>
        <line num="571" type="stmt" count="22"/>
        <line num="572" type="stmt" count="22"/>
        <line num="579" type="stmt" count="22"/>
        <line num="580" type="stmt" count="22"/>
        <line num="581" type="stmt" count="22"/>
        <line num="583" type="stmt" count="22"/>
        <line num="590" type="stmt" count="22"/>
        <line num="591" type="stmt" count="22"/>
        <line num="592" type="stmt" count="22"/>
        <line num="593" type="stmt" count="22"/>
        <line num="596" type="stmt" count="22"/>
        <line num="603" type="stmt" count="22"/>
        <line num="610" type="stmt" count="22"/>
        <line num="611" type="stmt" count="22"/>
        <line num="612" type="stmt" count="22"/>
        <line num="615" type="stmt" count="22"/>
        <line num="617" type="stmt" count="22"/>
        <line num="618" type="stmt" count="22"/>
        <line num="645" type="method" name="_check_and_set_pattern" crap="21" count="22"/>
        <line num="647" type="stmt" count="22"/>
        <line num="653" type="stmt" count="22"/>
        <line num="660" type="stmt" count="22"/>
        <line num="661" type="stmt" count="22"/>
        <line num="663" type="stmt" count="22"/>
        <line num="664" type="stmt" count="22"/>
        <line num="666" type="stmt" count="22"/>
        <line num="667" type="stmt" count="22"/>
        <line num="668" type="stmt" count="22"/>
        <line num="669" type="stmt" count="22"/>
        <line num="671" type="stmt" count="22"/>
        <line num="680" type="stmt" count="22"/>
        <line num="681" type="stmt" count="22"/>
        <line num="682" type="stmt" count="22"/>
        <line num="683" type="stmt" count="22"/>
        <line num="687" type="stmt" count="22"/>
        <line num="688" type="stmt" count="22"/>
        <line num="690" type="stmt" count="12"/>
        <line num="694" type="stmt" count="22"/>
        <line num="696" type="stmt" count="8"/>
        <line num="697" type="stmt" count="8"/>
        <line num="699" type="stmt" count="2"/>
        <line num="701" type="stmt" count="8"/>
        <line num="705" type="stmt" count="22"/>
        <line num="707" type="stmt" count="10"/>
        <line num="708" type="stmt" count="10"/>
        <line num="709" type="stmt" count="10"/>
        <line num="713" type="stmt" count="22"/>
        <line num="714" type="stmt" count="22"/>
        <line num="716" type="stmt" count="4"/>
        <line num="720" type="stmt" count="22"/>
        <line num="722" type="stmt" count="22"/>
        <line num="725" type="stmt" count="8"/>
        <line num="732" type="stmt" count="8"/>
        <line num="739" type="stmt" count="8"/>
        <line num="746" type="stmt" count="8"/>
        <line num="747" type="stmt" count="8"/>
        <line num="748" type="stmt" count="8"/>
        <line num="750" type="stmt" count="8"/>
        <line num="751" type="stmt" count="8"/>
        <line num="755" type="stmt" count="16"/>
        <line num="756" type="stmt" count="16"/>
        <line num="757" type="stmt" count="22"/>
        <line num="761" type="stmt" count="22"/>
        <line num="764" type="stmt" count="22"/>
        <line num="765" type="stmt" count="22"/>
        <line num="776" type="method" name="_check_and_set_master" crap="5" count="12"/>
        <line num="778" type="stmt" count="12"/>
        <line num="784" type="stmt" count="12"/>
        <line num="790" type="stmt" count="12"/>
        <line num="791" type="stmt" count="12"/>
        <line num="803" type="method" name="_check_and_set_code" crap="7" count="2"/>
        <line num="805" type="stmt" count="2"/>
        <line num="813" type="stmt" count="2"/>
        <line num="814" type="stmt" count="2"/>
        <line num="816" type="stmt" count="2"/>
        <line num="818" type="stmt" count="2"/>
        <line num="823" type="stmt" count="2"/>
        <line num="824" type="stmt" count="2"/>
        <line num="830" type="stmt" count="2"/>
        <line num="831" type="stmt" count="2"/>
        <line num="833" type="stmt" count="2"/>
        <line num="835" type="stmt" count="2"/>
        <line num="839" type="stmt" count="2"/>
        <line num="840" type="stmt" count="2"/>
        <line num="854" type="method" name="_check_and_convert_datetime" crap="10" count="22"/>
        <line num="856" type="stmt" count="22"/>
        <line num="857" type="stmt" count="22"/>
        <line num="858" type="stmt" count="22"/>
        <line num="859" type="stmt" count="22"/>
        <line num="860" type="stmt" count="22"/>
        <line num="862" type="stmt" count="8"/>
        <line num="866" type="stmt" count="8"/>
        <line num="871" type="stmt" count="22"/>
        <line num="873" type="stmt" count="22"/>
        <line num="890" type="stmt" count="22"/>
        <line num="892" type="stmt" count="22"/>
        <line num="896" type="stmt" count="22"/>
        <line num="904" type="stmt" count="22"/>
        <line num="909" type="stmt" count="22"/>
        <line num="920" type="method" name="_weight" crap="4" count="52"/>
        <line num="922" type="stmt" count="52"/>
        <line num="923" type="stmt" count="52"/>
        <line num="924" type="stmt" count="52"/>
        <line num="926" type="stmt" count="52"/>
        <line num="930" type="stmt" count="52"/>
        <line num="932" type="stmt" count="52"/>
        <line num="933" type="stmt" count="52"/>
        <line num="935" type="stmt" count="52"/>
        <line num="937" type="stmt" count="52"/>
        <metrics loc="939" ncloc="732" classes="1" methods="15" coveredmethods="13" conditionals="0" coveredconditionals="0" statements="287" coveredstatements="281" elements="302" coveredelements="294"/>
      </file>
      <file name="C:\Users\owner\TestDataGenerator\src/TDG.php">
        <class name="TDG" namespace="rokugasenpai\TestDataGenerator" fullPackage="TestDataGenerator" package="TestDataGenerator">
          <metrics methods="8" coveredmethods="1" conditionals="0" coveredconditionals="0" statements="133" coveredstatements="111" elements="141" coveredelements="112"/>
        </class>
        <line num="25" type="stmt" count="1"/>
        <line num="33" type="stmt" count="1"/>
        <line num="37" type="stmt" count="1"/>
        <line num="84" type="method" name="__construct" crap="5.01" count="67"/>
        <line num="86" type="stmt" count="67"/>
        <line num="88" type="stmt" count="0"/>
        <line num="92" type="stmt" count="67"/>
        <line num="93" type="stmt" count="67"/>
        <line num="94" type="stmt" count="67"/>
        <line num="95" type="stmt" count="67"/>
        <line num="96" type="stmt" count="67"/>
        <line num="98" type="stmt" count="67"/>
        <line num="101" type="stmt" count="67"/>
        <line num="104" type="stmt" count="67"/>
        <line num="106" type="stmt" count="67"/>
        <line num="107" type="stmt" count="67"/>
        <line num="113" type="method" name="__destruct" crap="3.33" count="67"/>
        <line num="117" type="stmt" count="67"/>
        <line num="119" type="stmt" count="0"/>
        <line num="123" type="stmt" count="67"/>
        <line num="136" type="method" name="main" crap="13" count="67"/>
        <line num="138" type="stmt" count="67"/>
        <line num="140" type="stmt" count="0"/>
        <line num="143" type="stmt" count="67"/>
        <line num="144" type="stmt" count="67"/>
        <line num="145" type="stmt" count="67"/>
        <line num="146" type="stmt" count="67"/>
        <line num="147" type="stmt" count="67"/>
        <line num="148" type="stmt" count="67"/>
        <line num="150" type="stmt" count="67"/>
        <line num="152" type="stmt" count="12"/>
        <line num="153" type="stmt" count="12"/>
        <line num="154" type="stmt" count="12"/>
        <line num="157" type="stmt" count="67"/>
        <line num="158" type="stmt" count="67"/>
        <line num="159" type="stmt" count="67"/>
        <line num="160" type="stmt" count="67"/>
        <line num="162" type="stmt" count="67"/>
        <line num="163" type="stmt" count="67"/>
        <line num="164" type="stmt" count="67"/>
        <line num="166" type="stmt" count="67"/>
        <line num="167" type="stmt" count="67"/>
        <line num="168" type="stmt" count="67"/>
        <line num="169" type="stmt" count="67"/>
        <line num="171" type="stmt" count="67"/>
        <line num="172" type="stmt" count="67"/>
        <line num="174" type="stmt" count="67"/>
        <line num="176" type="stmt" count="67"/>
        <line num="179" type="stmt" count="67"/>
        <line num="181" type="stmt" count="1"/>
        <line num="183" type="stmt" count="67"/>
        <line num="196" type="method" name="get_config" crap="8.83" count="67"/>
        <line num="198" type="stmt" count="67"/>
        <line num="200" type="stmt" count="67"/>
        <line num="202" type="stmt" count="1"/>
        <line num="204" type="stmt" count="1"/>
        <line num="206" type="stmt" count="0"/>
        <line num="208" type="stmt" count="0"/>
        <line num="212" type="stmt" count="1"/>
        <line num="217" type="stmt" count="66"/>
        <line num="219" type="stmt" count="66"/>
        <line num="221" type="stmt" count="33"/>
        <line num="223" type="stmt" count="33"/>
        <line num="225" type="stmt" count="33"/>
        <line num="229" type="stmt" count="66"/>
        <line num="234" type="stmt" count="0"/>
        <line num="238" type="stmt" count="67"/>
        <line num="240" type="stmt" count="0"/>
        <line num="243" type="stmt" count="67"/>
        <line num="252" type="method" name="create_weighted_master" crap="7.50" count="12"/>
        <line num="254" type="stmt" count="12"/>
        <line num="256" type="stmt" count="12"/>
        <line num="257" type="stmt" count="12"/>
        <line num="258" type="stmt" count="12"/>
        <line num="259" type="stmt" count="12"/>
        <line num="260" type="stmt" count="12"/>
        <line num="262" type="stmt" count="12"/>
        <line num="264" type="stmt" count="12"/>
        <line num="268" type="stmt" count="12"/>
        <line num="270" type="stmt" count="12"/>
        <line num="272" type="stmt" count="2"/>
        <line num="275" type="stmt" count="12"/>
        <line num="276" type="stmt" count="12"/>
        <line num="278" type="stmt" count="12"/>
        <line num="280" type="stmt" count="0"/>
        <line num="281" type="stmt" count="0"/>
        <line num="282" type="stmt" count="0"/>
        <line num="284" type="stmt" count="12"/>
        <line num="286" type="stmt" count="12"/>
        <line num="288" type="stmt" count="0"/>
        <line num="289" type="stmt" count="0"/>
        <line num="290" type="stmt" count="12"/>
        <line num="293" type="stmt" count="12"/>
        <line num="300" type="method" name="generate_data" crap="6.20" count="67"/>
        <line num="302" type="stmt" count="67"/>
        <line num="304" type="stmt" count="67"/>
        <line num="306" type="stmt" count="67"/>
        <line num="307" type="stmt" count="67"/>
        <line num="309" type="stmt" count="67"/>
        <line num="311" type="stmt" count="67"/>
        <line num="313" type="stmt" count="0"/>
        <line num="316" type="stmt" count="67"/>
        <line num="318" type="stmt" count="65"/>
        <line num="319" type="stmt" count="65"/>
        <line num="322" type="stmt" count="67"/>
        <line num="324" type="stmt" count="0"/>
        <line num="325" type="stmt" count="0"/>
        <line num="329" type="stmt" count="67"/>
        <line num="333" type="stmt" count="67"/>
        <line num="334" type="stmt" count="67"/>
        <line num="335" type="stmt" count="67"/>
        <line num="343" type="method" name="_check_and_set_env" crap="3" count="67"/>
        <line num="345" type="stmt" count="67"/>
        <line num="346" type="stmt" count="67"/>
        <line num="348" type="stmt" count="67"/>
        <line num="350" type="stmt" count="67"/>
        <line num="354" type="stmt" count="67"/>
        <line num="355" type="stmt" count="67"/>
        <line num="357" type="stmt" count="67"/>
        <line num="358" type="stmt" count="67"/>
        <line num="359" type="stmt" count="67"/>
        <line num="365" type="method" name="_output_spec_file" crap="16.64" count="1"/>
        <line num="368" type="stmt" count="1"/>
        <line num="369" type="stmt" count="1"/>
        <line num="370" type="stmt" count="1"/>
        <line num="372" type="stmt" count="1"/>
        <line num="374" type="stmt" count="1"/>
        <line num="377" type="stmt" count="1"/>
        <line num="387" type="stmt" count="1"/>
        <line num="388" type="stmt" count="1"/>
        <line num="390" type="stmt" count="1"/>
        <line num="392" type="stmt" count="1"/>
        <line num="394" type="stmt" count="1"/>
        <line num="396" type="stmt" count="1"/>
        <line num="398" type="stmt" count="1"/>
        <line num="409" type="stmt" count="0"/>
        <line num="422" type="stmt" count="0"/>
        <line num="424" type="stmt" count="0"/>
        <line num="425" type="stmt" count="0"/>
        <line num="427" type="stmt" count="0"/>
        <line num="429" type="stmt" count="0"/>
        <line num="431" type="stmt" count="0"/>
        <line num="437" type="stmt" count="1"/>
        <line num="438" type="stmt" count="1"/>
        <metrics loc="439" ncloc="350" classes="1" methods="8" coveredmethods="1" conditionals="0" coveredconditionals="0" statements="136" coveredstatements="114" elements="144" coveredelements="115"/>
      </file>
      <file name="C:\Users\owner\TestDataGenerator\src/TDGBase.php">
        <class name="TDGBase" namespace="rokugasenpai\TestDataGenerator" fullPackage="TestDataGenerator" package="TestDataGenerator">
          <metrics methods="7" coveredmethods="3" conditionals="0" coveredconditionals="0" statements="22" coveredstatements="7" elements="29" coveredelements="10"/>
        </class>
        <class name="ReadOnly" namespace="rokugasenpai\TestDataGenerator" fullPackage="TestDataGenerator" package="TestDataGenerator">
          <metrics methods="1" coveredmethods="0" conditionals="0" coveredconditionals="0" statements="7" coveredstatements="3" elements="8" coveredelements="3"/>
        </class>
        <line num="55" type="method" name="__construct" crap="1" count="67"/>
        <line num="57" type="stmt" count="67"/>
        <line num="58" type="stmt" count="67"/>
        <line num="59" type="stmt" count="67"/>
        <line num="67" type="method" name="get_values" crap="12" count="0"/>
        <line num="69" type="stmt" count="0"/>
        <line num="70" type="stmt" count="0"/>
        <line num="72" type="stmt" count="0"/>
        <line num="74" type="stmt" count="0"/>
        <line num="77" type="stmt" count="0"/>
        <line num="86" type="method" name="_restore_props" crap="12" count="0"/>
        <line num="88" type="stmt" count="0"/>
        <line num="90" type="stmt" count="0"/>
        <line num="93" type="stmt" count="0"/>
        <line num="95" type="stmt" count="0"/>
        <line num="97" type="stmt" count="0"/>
        <line num="108" type="method" name="_get_errors" crap="2" count="0"/>
        <line num="110" type="stmt" count="0"/>
        <line num="123" type="method" name="_exists_error" crap="4" count="67"/>
        <line num="125" type="stmt" count="67"/>
        <line num="127" type="stmt" count="67"/>
        <line num="130" type="stmt" count="67"/>
        <line num="131" type="method" name="anonymous function" crap="2" count="67"/>
        <line num="134" type="stmt" count="67"/>
        <line num="136" type="stmt" count="0"/>
        <line num="140" type="stmt" count="67"/>
        <line num="153" type="method" name="_set_error" crap="6" count="0"/>
        <line num="155" type="stmt" count="0"/>
        <line num="156" type="stmt" count="0"/>
        <line num="158" type="stmt" count="0"/>
        <line num="160" type="stmt" count="0"/>
        <line num="211" type="method" name="__get" crap="4.68" count="67"/>
        <line num="213" type="stmt" count="67"/>
        <line num="215" type="stmt" count="0"/>
        <line num="216" type="stmt" count="0"/>
        <line num="219" type="stmt" count="67"/>
        <line num="221" type="stmt" count="0"/>
        <line num="222" type="stmt" count="0"/>
        <line num="225" type="stmt" count="67"/>
        <metrics loc="242" ncloc="116" classes="2" methods="8" coveredmethods="3" conditionals="0" coveredconditionals="0" statements="31" coveredstatements="11" elements="39" coveredelements="14"/>
      </file>
      <file name="C:\Users\owner\TestDataGenerator\src/TDGException.php">
        <class name="TDGException" namespace="rokugasenpai\TestDataGenerator" fullPackage="TestDataGenerator" package="TestDataGenerator">
          <metrics methods="1" coveredmethods="0" conditionals="0" coveredconditionals="0" statements="19" coveredstatements="0" elements="20" coveredelements="0"/>
        </class>
        <line num="66" type="method" name="__construct" crap="42" count="0"/>
        <line num="67" type="stmt" count="0"/>
        <line num="68" type="stmt" count="0"/>
        <line num="69" type="stmt" count="0"/>
        <line num="70" type="stmt" count="0"/>
        <line num="71" type="stmt" count="0"/>
        <line num="72" type="stmt" count="0"/>
        <line num="73" type="stmt" count="0"/>
        <line num="74" type="stmt" count="0"/>
        <line num="75" type="stmt" count="0"/>
        <line num="76" type="stmt" count="0"/>
        <line num="77" type="stmt" count="0"/>
        <line num="78" type="stmt" count="0"/>
        <line num="79" type="stmt" count="0"/>
        <line num="80" type="stmt" count="0"/>
        <line num="81" type="stmt" count="0"/>
        <line num="82" type="stmt" count="0"/>
        <line num="83" type="stmt" count="0"/>
        <line num="84" type="stmt" count="0"/>
        <line num="85" type="stmt" count="0"/>
        <metrics loc="86" ncloc="47" classes="1" methods="1" coveredmethods="0" conditionals="0" coveredconditionals="0" statements="19" coveredstatements="0" elements="20" coveredelements="0"/>
      </file>
      <file name="C:\Users\owner\TestDataGenerator\src/Util.php">
        <class name="Util" namespace="rokugasenpai\TestDataGenerator" fullPackage="TestDataGenerator" package="TestDataGenerator">
          <metrics methods="19" coveredmethods="8" conditionals="0" coveredconditionals="0" statements="568" coveredstatements="487" elements="587" coveredelements="495"/>
        </class>
        <line num="59" type="method" name="is_numeric_uint" crap="3" count="93"/>
        <line num="61" type="stmt" count="93"/>
        <line num="76" type="method" name="is_flexible_bool" crap="13" count="85"/>
        <line num="78" type="stmt" count="85"/>
        <line num="80" type="stmt" count="71"/>
        <line num="84" type="stmt" count="14"/>
        <line num="86" type="stmt" count="4"/>
        <line num="88" type="stmt" count="2"/>
        <line num="92" type="stmt" count="12"/>
        <line num="94" type="stmt" count="4"/>
        <line num="96" type="stmt" count="2"/>
        <line num="100" type="stmt" count="10"/>
        <line num="114" type="method" name="array_depth" crap="6" count="4"/>
        <line num="116" type="stmt" count="4"/>
        <line num="118" type="stmt" count="2"/>
        <line num="119" type="stmt" count="2"/>
        <line num="120" type="stmt" count="2"/>
        <line num="122" type="stmt" count="2"/>
        <line num="124" type="stmt" count="2"/>
        <line num="127" type="stmt" count="2"/>
        <line num="129" type="stmt" count="2"/>
        <line num="143" type="method" name="s_to_hms" crap="6" count="76"/>
        <line num="145" type="stmt" count="76"/>
        <line num="147" type="stmt" count="2"/>
        <line num="150" type="stmt" count="74"/>
        <line num="151" type="stmt" count="74"/>
        <line num="152" type="stmt" count="74"/>
        <line num="154" type="stmt" count="74"/>
        <line num="155" type="stmt" count="74"/>
        <line num="156" type="stmt" count="74"/>
        <line num="157" type="stmt" count="74"/>
        <line num="159" type="stmt" count="74"/>
        <line num="170" type="method" name="json_last_error_msg" crap="12.00" count="40"/>
        <line num="172" type="stmt" count="40"/>
        <line num="176" type="stmt" count="40"/>
        <line num="177" type="stmt" count="0"/>
        <line num="179" type="stmt" count="40"/>
        <line num="180" type="stmt" count="0"/>
        <line num="182" type="stmt" count="40"/>
        <line num="183" type="stmt" count="0"/>
        <line num="185" type="stmt" count="40"/>
        <line num="186" type="stmt" count="2"/>
        <line num="188" type="stmt" count="38"/>
        <line num="189" type="stmt" count="0"/>
        <line num="191" type="stmt" count="38"/>
        <line num="192" type="stmt" count="0"/>
        <line num="194" type="stmt" count="38"/>
        <line num="195" type="stmt" count="1"/>
        <line num="197" type="stmt" count="37"/>
        <line num="198" type="stmt" count="0"/>
        <line num="201" type="stmt" count="37"/>
        <line num="218" type="method" name="json_encode" crap="14" count="3"/>
        <line num="220" type="stmt" count="3"/>
        <line num="221" type="stmt" count="3"/>
        <line num="223" type="stmt" count="1"/>
        <line num="226" type="stmt" count="2"/>
        <line num="227" type="stmt" count="2"/>
        <line num="229" type="stmt" count="2"/>
        <line num="230" type="stmt" count="2"/>
        <line num="231" type="stmt" count="2"/>
        <line num="232" type="stmt" count="2"/>
        <line num="233" type="stmt" count="2"/>
        <line num="236" type="stmt" count="2"/>
        <line num="238" type="stmt" count="2"/>
        <line num="239" type="stmt" count="2"/>
        <line num="253" type="method" name="json_decode" crap="3.04" count="37"/>
        <line num="255" type="stmt" count="37"/>
        <line num="256" type="stmt" count="0"/>
        <line num="258" type="stmt" count="37"/>
        <line num="260" type="stmt" count="37"/>
        <line num="262" type="stmt" count="37"/>
        <line num="263" type="stmt" count="36"/>
        <line num="276" type="method" name="normalize_charset" crap="5.03" count="2"/>
        <line num="278" type="stmt" count="2"/>
        <line num="279" type="stmt" count="1"/>
        <line num="281" type="stmt" count="2"/>
        <line num="282" type="stmt" count="2"/>
        <line num="284" type="stmt" count="1"/>
        <line num="288" type="stmt" count="1"/>
        <line num="290" type="stmt" count="2"/>
        <line num="292" type="stmt" count="2"/>
        <line num="294" type="stmt" count="2"/>
        <line num="297" type="stmt" count="0"/>
        <line num="310" type="method" name="check_ext" crap="3" count="68"/>
        <line num="312" type="stmt" count="68"/>
        <line num="313" type="stmt" count="68"/>
        <line num="315" type="stmt" count="67"/>
        <line num="317" type="stmt" count="34"/>
        <line num="331" type="method" name="get_data_by_json_file" crap="1" count="36"/>
        <line num="333" type="stmt" count="36"/>
        <line num="346" type="method" name="get_data_by_yml_file" crap="2.02" count="35"/>
        <line num="348" type="stmt" count="35"/>
        <line num="349" type="stmt" count="35"/>
        <line num="353" type="stmt" count="35"/>
        <line num="355" type="stmt" count="1"/>
        <line num="357" type="stmt" count="0"/>
        <line num="360" type="stmt" count="34"/>
        <line num="374" type="method" name="normalize_csv" crap="3.00" count="36"/>
        <line num="376" type="stmt" count="36"/>
        <line num="377" type="stmt" count="36"/>
        <line num="379" type="stmt" count="0"/>
        <line num="381" type="stmt" count="36"/>
        <line num="382" type="stmt" count="36"/>
        <line num="383" type="stmt" count="36"/>
        <line num="384" type="stmt" count="36"/>
        <line num="385" type="stmt" count="36"/>
        <line num="386" type="stmt" count="36"/>
        <line num="387" type="stmt" count="36"/>
        <line num="388" type="stmt" count="36"/>
        <line num="389" type="stmt" count="36"/>
        <line num="390" type="stmt" count="36"/>
        <line num="407" type="method" name="csv_to_array_php7_workaround" crap="17.34" count="32"/>
        <line num="409" type="stmt" count="32"/>
        <line num="410" type="stmt" count="32"/>
        <line num="412" type="stmt" count="32"/>
        <line num="414" type="stmt" count="31"/>
        <line num="415" type="stmt" count="31"/>
        <line num="417" type="stmt" count="4"/>
        <line num="421" type="stmt" count="27"/>
        <line num="425" type="stmt" count="32"/>
        <line num="426" type="stmt" count="32"/>
        <line num="428" type="stmt" count="1"/>
        <line num="431" type="stmt" count="32"/>
        <line num="433" type="stmt" count="32"/>
        <line num="435" type="stmt" count="0"/>
        <line num="439" type="stmt" count="32"/>
        <line num="441" type="stmt" count="32"/>
        <line num="442" type="stmt" count="32"/>
        <line num="445" type="stmt" count="32"/>
        <line num="447" type="stmt" count="0"/>
        <line num="449" type="stmt" count="32"/>
        <line num="451" type="stmt" count="32"/>
        <line num="452" type="stmt" count="32"/>
        <line num="453" type="stmt" count="32"/>
        <line num="454" type="stmt" count="32"/>
        <line num="456" type="stmt" count="32"/>
        <line num="458" type="stmt" count="29"/>
        <line num="460" type="stmt" count="3"/>
        <line num="461" type="stmt" count="29"/>
        <line num="466" type="stmt" count="3"/>
        <line num="468" type="stmt" count="0"/>
        <line num="469" type="stmt" count="0"/>
        <line num="473" type="stmt" count="32"/>
        <line num="475" type="stmt" count="32"/>
        <line num="479" type="stmt" count="32"/>
        <line num="483" type="stmt" count="32"/>
        <line num="484" type="stmt" count="32"/>
        <line num="486" type="stmt" count="32"/>
        <line num="488" type="stmt" count="3"/>
        <line num="491" type="stmt" count="29"/>
        <line num="508" type="method" name="create_weighted_master" crap="25.12" count="16"/>
        <line num="511" type="stmt" count="16"/>
        <line num="513" type="stmt" count="0"/>
        <line num="515" type="stmt" count="16"/>
        <line num="516" type="stmt" count="16"/>
        <line num="517" type="stmt" count="1"/>
        <line num="518" type="stmt" count="16"/>
        <line num="519" type="stmt" count="16"/>
        <line num="520" type="stmt" count="16"/>
        <line num="521" type="stmt" count="16"/>
        <line num="523" type="stmt" count="16"/>
        <line num="526" type="stmt" count="16"/>
        <line num="528" type="stmt" count="15"/>
        <line num="529" type="stmt" count="15"/>
        <line num="531" type="stmt" count="15"/>
        <line num="534" type="stmt" count="1"/>
        <line num="536" type="stmt" count="1"/>
        <line num="538" type="stmt" count="0"/>
        <line num="541" type="stmt" count="1"/>
        <line num="542" type="stmt" count="1"/>
        <line num="546" type="stmt" count="0"/>
        <line num="550" type="stmt" count="15"/>
        <line num="551" type="stmt" count="15"/>
        <line num="552" type="stmt" count="15"/>
        <line num="554" type="stmt" count="15"/>
        <line num="556" type="stmt" count="15"/>
        <line num="558" type="stmt" count="13"/>
        <line num="559" type="stmt" count="13"/>
        <line num="563" type="stmt" count="2"/>
        <line num="570" type="stmt" count="15"/>
        <line num="572" type="stmt" count="0"/>
        <line num="574" type="stmt" count="15"/>
        <line num="575" type="stmt" count="15"/>
        <line num="576" type="stmt" count="15"/>
        <line num="578" type="stmt" count="15"/>
        <line num="579" type="stmt" count="15"/>
        <line num="581" type="stmt" count="15"/>
        <line num="583" type="stmt" count="0"/>
        <line num="585" type="stmt" count="15"/>
        <line num="589" type="stmt" count="15"/>
        <line num="591" type="stmt" count="15"/>
        <line num="616" type="method" name="create_weighted_csv" crap="114.70" count="4"/>
        <line num="620" type="stmt" count="4"/>
        <line num="621" type="stmt" count="4"/>
        <line num="623" type="stmt" count="0"/>
        <line num="625" type="stmt" count="4"/>
        <line num="626" type="stmt" count="1"/>
        <line num="627" type="stmt" count="4"/>
        <line num="628" type="stmt" count="0"/>
        <line num="629" type="stmt" count="4"/>
        <line num="630" type="stmt" count="4"/>
        <line num="631" type="stmt" count="4"/>
        <line num="632" type="stmt" count="4"/>
        <line num="633" type="stmt" count="4"/>
        <line num="634" type="stmt" count="4"/>
        <line num="636" type="stmt" count="0"/>
        <line num="638" type="stmt" count="4"/>
        <line num="640" type="stmt" count="0"/>
        <line num="643" type="stmt" count="4"/>
        <line num="646" type="stmt" count="4"/>
        <line num="648" type="stmt" count="3"/>
        <line num="650" type="stmt" count="3"/>
        <line num="653" type="stmt" count="3"/>
        <line num="654" type="stmt" count="3"/>
        <line num="656" type="stmt" count="3"/>
        <line num="659" type="stmt" count="1"/>
        <line num="661" type="stmt" count="1"/>
        <line num="663" type="stmt" count="0"/>
        <line num="666" type="stmt" count="1"/>
        <line num="670" type="stmt" count="0"/>
        <line num="674" type="stmt" count="3"/>
        <line num="675" type="stmt" count="3"/>
        <line num="676" type="stmt" count="3"/>
        <line num="678" type="stmt" count="3"/>
        <line num="680" type="stmt" count="3"/>
        <line num="682" type="stmt" count="1"/>
        <line num="683" type="stmt" count="1"/>
        <line num="687" type="stmt" count="2"/>
        <line num="694" type="stmt" count="3"/>
        <line num="696" type="stmt" count="0"/>
        <line num="698" type="stmt" count="3"/>
        <line num="699" type="stmt" count="3"/>
        <line num="700" type="stmt" count="3"/>
        <line num="702" type="stmt" count="3"/>
        <line num="703" type="stmt" count="3"/>
        <line num="705" type="stmt" count="3"/>
        <line num="707" type="stmt" count="0"/>
        <line num="709" type="stmt" count="3"/>
        <line num="713" type="stmt" count="3"/>
        <line num="715" type="stmt" count="3"/>
        <line num="717" type="stmt" count="2"/>
        <line num="719" type="stmt" count="0"/>
        <line num="721" type="stmt" count="2"/>
        <line num="723" type="stmt" count="2"/>
        <line num="725" type="stmt" count="2"/>
        <line num="727" type="stmt" count="2"/>
        <line num="729" type="stmt" count="2"/>
        <line num="731" type="stmt" count="2"/>
        <line num="732" type="stmt" count="2"/>
        <line num="734" type="stmt" count="2"/>
        <line num="738" type="stmt" count="2"/>
        <line num="743" type="stmt" count="0"/>
        <line num="749" type="stmt" count="3"/>
        <line num="750" type="stmt" count="3"/>
        <line num="751" type="stmt" count="3"/>
        <line num="753" type="stmt" count="3"/>
        <line num="754" type="stmt" count="3"/>
        <line num="755" type="stmt" count="3"/>
        <line num="757" type="stmt" count="3"/>
        <line num="758" type="stmt" count="3"/>
        <line num="759" type="stmt" count="0"/>
        <line num="763" type="stmt" count="3"/>
        <line num="765" type="stmt" count="2"/>
        <line num="767" type="stmt" count="0"/>
        <line num="769" type="stmt" count="0"/>
        <line num="771" type="stmt" count="0"/>
        <line num="775" type="stmt" count="2"/>
        <line num="778" type="stmt" count="1"/>
        <line num="780" type="stmt" count="1"/>
        <line num="782" type="stmt" count="0"/>
        <line num="784" type="stmt" count="0"/>
        <line num="786" type="stmt" count="0"/>
        <line num="790" type="stmt" count="1"/>
        <line num="794" type="stmt" count="3"/>
        <line num="796" type="stmt" count="2"/>
        <line num="797" type="stmt" count="2"/>
        <line num="798" type="stmt" count="2"/>
        <line num="802" type="stmt" count="1"/>
        <line num="805" type="stmt" count="3"/>
        <line num="808" type="stmt" count="3"/>
        <line num="810" type="stmt" count="2"/>
        <line num="812" type="stmt" count="0"/>
        <line num="814" type="stmt" count="0"/>
        <line num="817" type="stmt" count="0"/>
        <line num="819" type="stmt" count="0"/>
        <line num="823" type="stmt" count="0"/>
        <line num="829" type="stmt" count="3"/>
        <line num="831" type="stmt" count="1"/>
        <line num="834" type="stmt" count="2"/>
        <line num="836" type="stmt" count="2"/>
        <line num="838" type="stmt" count="0"/>
        <line num="841" type="stmt" count="2"/>
        <line num="843" type="stmt" count="0"/>
        <line num="847" type="stmt" count="2"/>
        <line num="879" type="method" name="csv_to_bulk_insert" crap="73.21" count="17"/>
        <line num="884" type="stmt" count="17"/>
        <line num="885" type="stmt" count="17"/>
        <line num="886" type="stmt" count="17"/>
        <line num="887" type="stmt" count="17"/>
        <line num="888" type="stmt" count="2"/>
        <line num="889" type="stmt" count="17"/>
        <line num="890" type="stmt" count="1"/>
        <line num="891" type="stmt" count="17"/>
        <line num="893" type="stmt" count="0"/>
        <line num="895" type="stmt" count="17"/>
        <line num="896" type="stmt" count="17"/>
        <line num="897" type="stmt" count="17"/>
        <line num="898" type="stmt" count="17"/>
        <line num="899" type="stmt" count="17"/>
        <line num="900" type="stmt" count="17"/>
        <line num="901" type="stmt" count="17"/>
        <line num="902" type="stmt" count="17"/>
        <line num="903" type="stmt" count="17"/>
        <line num="904" type="stmt" count="17"/>
        <line num="906" type="stmt" count="17"/>
        <line num="907" type="stmt" count="17"/>
        <line num="908" type="stmt" count="17"/>
        <line num="909" type="stmt" count="17"/>
        <line num="911" type="stmt" count="17"/>
        <line num="914" type="stmt" count="14"/>
        <line num="916" type="stmt" count="13"/>
        <line num="920" type="stmt" count="14"/>
        <line num="922" type="stmt" count="14"/>
        <line num="925" type="stmt" count="14"/>
        <line num="926" type="stmt" count="14"/>
        <line num="928" type="stmt" count="14"/>
        <line num="931" type="stmt" count="3"/>
        <line num="933" type="stmt" count="3"/>
        <line num="935" type="stmt" count="0"/>
        <line num="939" type="stmt" count="3"/>
        <line num="941" type="stmt" count="0"/>
        <line num="944" type="stmt" count="3"/>
        <line num="948" type="stmt" count="0"/>
        <line num="951" type="stmt" count="16"/>
        <line num="953" type="stmt" count="13"/>
        <line num="955" type="stmt" count="0"/>
        <line num="957" type="stmt" count="13"/>
        <line num="959" type="stmt" count="0"/>
        <line num="961" type="stmt" count="13"/>
        <line num="963" type="stmt" count="13"/>
        <line num="965" type="stmt" count="12"/>
        <line num="967" type="stmt" count="12"/>
        <line num="968" type="stmt" count="12"/>
        <line num="970" type="stmt" count="0"/>
        <line num="974" type="stmt" count="12"/>
        <line num="979" type="stmt" count="0"/>
        <line num="984" type="stmt" count="16"/>
        <line num="985" type="stmt" count="16"/>
        <line num="988" type="stmt" count="16"/>
        <line num="991" type="stmt" count="16"/>
        <line num="992" type="stmt" count="16"/>
        <line num="994" type="stmt" count="14"/>
        <line num="996" type="stmt" count="16"/>
        <line num="999" type="stmt" count="16"/>
        <line num="1000" type="stmt" count="16"/>
        <line num="1002" type="stmt" count="1"/>
        <line num="1004" type="stmt" count="0"/>
        <line num="1006" type="stmt" count="1"/>
        <line num="1008" type="stmt" count="16"/>
        <line num="1010" type="stmt" count="16"/>
        <line num="1011" type="stmt" count="16"/>
        <line num="1014" type="stmt" count="1"/>
        <line num="1016" type="stmt" count="0"/>
        <line num="1019" type="stmt" count="1"/>
        <line num="1021" type="stmt" count="1"/>
        <line num="1024" type="stmt" count="1"/>
        <line num="1026" type="stmt" count="16"/>
        <line num="1028" type="stmt" count="16"/>
        <line num="1030" type="stmt" count="2"/>
        <line num="1034" type="stmt" count="14"/>
        <line num="1037" type="stmt" count="16"/>
        <line num="1039" type="stmt" count="16"/>
        <line num="1040" type="stmt" count="16"/>
        <line num="1043" type="stmt" count="16"/>
        <line num="1045" type="stmt" count="16"/>
        <line num="1049" type="stmt" count="16"/>
        <line num="1050" type="stmt" count="16"/>
        <line num="1052" type="stmt" count="16"/>
        <line num="1053" type="stmt" count="16"/>
        <line num="1055" type="stmt" count="16"/>
        <line num="1056" type="stmt" count="16"/>
        <line num="1057" type="stmt" count="16"/>
        <line num="1059" type="stmt" count="16"/>
        <line num="1061" type="stmt" count="16"/>
        <line num="1065" type="stmt" count="16"/>
        <line num="1068" type="stmt" count="16"/>
        <line num="1070" type="stmt" count="16"/>
        <line num="1071" type="stmt" count="16"/>
        <line num="1073" type="stmt" count="1"/>
        <line num="1075" type="stmt" count="1"/>
        <line num="1076" type="stmt" count="1"/>
        <line num="1080" type="stmt" count="1"/>
        <line num="1084" type="stmt" count="16"/>
        <line num="1086" type="stmt" count="16"/>
        <line num="1089" type="stmt" count="1"/>
        <line num="1091" type="stmt" count="1"/>
        <line num="1093" type="stmt" count="1"/>
        <line num="1096" type="stmt" count="16"/>
        <line num="1098" type="stmt" count="16"/>
        <line num="1101" type="stmt" count="15"/>
        <line num="1102" type="stmt" count="15"/>
        <line num="1107" type="stmt" count="16"/>
        <line num="1111" type="stmt" count="16"/>
        <line num="1112" type="stmt" count="16"/>
        <line num="1114" type="stmt" count="16"/>
        <line num="1116" type="stmt" count="16"/>
        <line num="1121" type="stmt" count="16"/>
        <line num="1127" type="stmt" count="16"/>
        <line num="1129" type="stmt" count="16"/>
        <line num="1132" type="stmt" count="16"/>
        <line num="1134" type="stmt" count="1"/>
        <line num="1137" type="stmt" count="16"/>
        <line num="1139" type="stmt" count="16"/>
        <line num="1141" type="stmt" count="3"/>
        <line num="1144" type="stmt" count="13"/>
        <line num="1146" type="stmt" count="0"/>
        <line num="1149" type="stmt" count="13"/>
        <line num="1151" type="stmt" count="0"/>
        <line num="1154" type="stmt" count="13"/>
        <line num="1155" type="stmt" count="13"/>
        <line num="1166" type="method" name="println" crap="4" count="6"/>
        <line num="1169" type="stmt" count="6"/>
        <line num="1171" type="stmt" count="4"/>
        <line num="1173" type="stmt" count="6"/>
        <line num="1175" type="stmt" count="6"/>
        <line num="1177" type="stmt" count="6"/>
        <line num="1178" type="stmt" count="6"/>
        <line num="1196" type="method" name="fputcsv" crap="12" count="71"/>
        <line num="1198" type="stmt" count="71"/>
        <line num="1199" type="stmt" count="70"/>
        <line num="1200" type="stmt" count="71"/>
        <line num="1201" type="stmt" count="71"/>
        <line num="1202" type="stmt" count="71"/>
        <line num="1204" type="stmt" count="71"/>
        <line num="1205" type="stmt" count="71"/>
        <line num="1206" type="stmt" count="71"/>
        <line num="1207" type="stmt" count="71"/>
        <line num="1209" type="stmt" count="71"/>
        <line num="1211" type="stmt" count="71"/>
        <line num="1213" type="stmt" count="71"/>
        <line num="1215" type="stmt" count="70"/>
        <line num="1219" type="stmt" count="1"/>
        <line num="1222" type="stmt" count="71"/>
        <line num="1224" type="stmt" count="6"/>
        <line num="1228" type="stmt" count="71"/>
        <line num="1232" type="stmt" count="71"/>
        <line num="1234" type="stmt" count="71"/>
        <line num="1236" type="stmt" count="66"/>
        <line num="1238" type="stmt" count="66"/>
        <line num="1242" type="stmt" count="0"/>
        <line num="1245" type="stmt" count="71"/>
        <line num="1247" type="stmt" count="71"/>
        <line num="1276" type="method" name="safely_eval" crap="71.24" count="11"/>
        <line num="1279" type="stmt" count="11"/>
        <line num="1280" type="stmt" count="1"/>
        <line num="1281" type="stmt" count="11"/>
        <line num="1282" type="stmt" count="11"/>
        <line num="1283" type="stmt" count="11"/>
        <line num="1284" type="stmt" count="11"/>
        <line num="1286" type="stmt" count="11"/>
        <line num="1287" type="stmt" count="11"/>
        <line num="1289" type="stmt" count="10"/>
        <line num="1290" type="stmt" count="10"/>
        <line num="1291" type="stmt" count="10"/>
        <line num="1292" type="stmt" count="10"/>
        <line num="1293" type="stmt" count="10"/>
        <line num="1294" type="stmt" count="10"/>
        <line num="1295" type="stmt" count="10"/>
        <line num="1296" type="stmt" count="10"/>
        <line num="1297" type="stmt" count="10"/>
        <line num="1298" type="stmt" count="10"/>
        <line num="1299" type="stmt" count="10"/>
        <line num="1300" type="stmt" count="10"/>
        <line num="1301" type="stmt" count="10"/>
        <line num="1302" type="stmt" count="10"/>
        <line num="1303" type="stmt" count="10"/>
        <line num="1304" type="stmt" count="10"/>
        <line num="1305" type="stmt" count="10"/>
        <line num="1306" type="stmt" count="10"/>
        <line num="1307" type="stmt" count="10"/>
        <line num="1308" type="stmt" count="10"/>
        <line num="1309" type="stmt" count="10"/>
        <line num="1310" type="stmt" count="10"/>
        <line num="1311" type="stmt" count="10"/>
        <line num="1312" type="stmt" count="10"/>
        <line num="1313" type="stmt" count="10"/>
        <line num="1314" type="stmt" count="10"/>
        <line num="1315" type="stmt" count="10"/>
        <line num="1316" type="stmt" count="10"/>
        <line num="1317" type="stmt" count="10"/>
        <line num="1318" type="stmt" count="10"/>
        <line num="1319" type="stmt" count="10"/>
        <line num="1320" type="stmt" count="10"/>
        <line num="1321" type="stmt" count="10"/>
        <line num="1322" type="stmt" count="10"/>
        <line num="1323" type="stmt" count="10"/>
        <line num="1324" type="stmt" count="10"/>
        <line num="1325" type="stmt" count="10"/>
        <line num="1326" type="stmt" count="10"/>
        <line num="1327" type="stmt" count="10"/>
        <line num="1328" type="stmt" count="10"/>
        <line num="1329" type="stmt" count="10"/>
        <line num="1330" type="stmt" count="10"/>
        <line num="1331" type="stmt" count="10"/>
        <line num="1332" type="stmt" count="10"/>
        <line num="1333" type="stmt" count="10"/>
        <line num="1334" type="stmt" count="10"/>
        <line num="1387" type="stmt" count="10"/>
        <line num="1388" type="stmt" count="10"/>
        <line num="1389" type="stmt" count="10"/>
        <line num="1391" type="stmt" count="10"/>
        <line num="1393" type="stmt" count="10"/>
        <line num="1394" type="stmt" count="10"/>
        <line num="1396" type="stmt" count="10"/>
        <line num="1399" type="stmt" count="9"/>
        <line num="1400" type="stmt" count="9"/>
        <line num="1402" type="stmt" count="1"/>
        <line num="1404" type="stmt" count="0"/>
        <line num="1406" type="stmt" count="1"/>
        <line num="1408" type="stmt" count="0"/>
        <line num="1412" type="stmt" count="1"/>
        <line num="1414" type="stmt" count="1"/>
        <line num="1418" type="stmt" count="9"/>
        <line num="1420" type="stmt" count="9"/>
        <line num="1421" type="stmt" count="9"/>
        <line num="1423" type="stmt" count="0"/>
        <line num="1425" type="stmt" count="0"/>
        <line num="1427" type="stmt" count="0"/>
        <line num="1429" type="stmt" count="0"/>
        <line num="1433" type="stmt" count="0"/>
        <line num="1435" type="stmt" count="0"/>
        <line num="1439" type="stmt" count="9"/>
        <line num="1441" type="stmt" count="9"/>
        <line num="1442" type="stmt" count="9"/>
        <line num="1444" type="stmt" count="2"/>
        <line num="1446" type="stmt" count="0"/>
        <line num="1448" type="stmt" count="2"/>
        <line num="1450" type="stmt" count="2"/>
        <line num="1454" type="stmt" count="0"/>
        <line num="1456" type="stmt" count="2"/>
        <line num="1460" type="stmt" count="9"/>
        <line num="1463" type="stmt" count="10"/>
        <line num="1465" type="stmt" count="0"/>
        <line num="1469" type="stmt" count="10"/>
        <line num="1471" type="stmt" count="0"/>
        <line num="1475" type="stmt" count="10"/>
        <line num="1477" type="stmt" count="9"/>
        <line num="1479" type="stmt" count="9"/>
        <line num="1481" type="stmt" count="0"/>
        <line num="1483" type="stmt" count="9"/>
        <line num="1485" type="stmt" count="0"/>
        <line num="1487" type="stmt" count="0"/>
        <line num="1491" type="stmt" count="9"/>
        <line num="1493" type="stmt" count="0"/>
        <line num="1495" type="stmt" count="0"/>
        <line num="1497" type="stmt" count="0"/>
        <line num="1499" type="stmt" count="0"/>
        <line num="1501" type="stmt" count="9"/>
        <line num="1507" type="stmt" count="10"/>
        <line num="1509" type="stmt" count="10"/>
        <line num="1512" type="stmt" count="10"/>
        <line num="1514" type="stmt" count="9"/>
        <line num="1516" type="stmt" count="1"/>
        <line num="1518" type="stmt" count="9"/>
        <line num="1520" type="stmt" count="1"/>
        <line num="1525" type="stmt" count="10"/>
        <line num="1527" type="stmt" count="1"/>
        <line num="1529" type="stmt" count="1"/>
        <line num="1531" type="stmt" count="0"/>
        <line num="1533" type="stmt" count="1"/>
        <line num="1535" type="stmt" count="1"/>
        <line num="1541" type="stmt" count="10"/>
        <line num="1543" type="stmt" count="9"/>
        <line num="1545" type="stmt" count="9"/>
        <line num="1547" type="stmt" count="9"/>
        <line num="1551" type="stmt" count="0"/>
        <line num="1552" type="stmt" count="0"/>
        <line num="1554" type="stmt" count="10"/>
        <line num="1563" type="stmt" count="7"/>
        <line num="1565" type="stmt" count="1"/>
        <line num="1568" type="stmt" count="6"/>
        <line num="1571" type="stmt" count="6"/>
        <line num="1573" type="stmt" count="0"/>
        <line num="1575" type="stmt" count="0"/>
        <line num="1577" type="stmt" count="6"/>
        <line num="1579" type="stmt" count="0"/>
        <line num="1581" type="stmt" count="6"/>
        <metrics loc="1583" ncloc="1232" classes="1" methods="19" coveredmethods="8" conditionals="0" coveredconditionals="0" statements="568" coveredstatements="487" elements="587" coveredelements="495"/>
      </file>
      <file name="C:\Users\owner\TestDataGenerator\src/WeightedArray.php">
        <class name="WeightedArray" namespace="rokugasenpai\TestDataGenerator" fullPackage="TestDataGenerator" package="TestDataGenerator">
          <metrics methods="7" coveredmethods="0" conditionals="0" coveredconditionals="0" statements="89" coveredstatements="56" elements="96" coveredelements="56"/>
        </class>
        <line num="54" type="method" name="__construct" crap="6.00" count="63"/>
        <line num="58" type="stmt" count="63"/>
        <line num="60" type="stmt" count="63"/>
        <line num="61" type="stmt" count="63"/>
        <line num="63" type="stmt" count="0"/>
        <line num="65" type="stmt" count="0"/>
        <line num="67" type="stmt" count="0"/>
        <line num="70" type="stmt" count="0"/>
        <line num="72" type="stmt" count="63"/>
        <line num="85" type="method" name="append" crap="4.12" count="63"/>
        <line num="89" type="stmt" count="63"/>
        <line num="90" type="stmt" count="63"/>
        <line num="91" type="stmt" count="63"/>
        <line num="93" type="stmt" count="0"/>
        <line num="95" type="stmt" count="0"/>
        <line num="97" type="stmt" count="0"/>
        <line num="100" type="stmt" count="0"/>
        <line num="102" type="stmt" count="63"/>
        <line num="112" type="method" name="index" crap="7.66" count="18"/>
        <line num="116" type="stmt" count="18"/>
        <line num="117" type="stmt" count="18"/>
        <line num="118" type="stmt" count="18"/>
        <line num="119" type="stmt" count="18"/>
        <line num="120" type="stmt" count="18"/>
        <line num="121" type="stmt" count="18"/>
        <line num="122" type="stmt" count="18"/>
        <line num="123" type="stmt" count="18"/>
        <line num="125" type="stmt" count="18"/>
        <line num="126" type="stmt" count="18"/>
        <line num="128" type="stmt" count="0"/>
        <line num="130" type="stmt" count="18"/>
        <line num="132" type="stmt" count="18"/>
        <line num="133" type="stmt" count="18"/>
        <line num="134" type="stmt" count="18"/>
        <line num="136" type="stmt" count="18"/>
        <line num="139" type="stmt" count="0"/>
        <line num="141" type="stmt" count="0"/>
        <line num="143" type="stmt" count="0"/>
        <line num="146" type="stmt" count="0"/>
        <line num="148" type="stmt" count="18"/>
        <line num="159" type="method" name="rand" crap="10.78" count="61"/>
        <line num="163" type="stmt" count="61"/>
        <line num="164" type="stmt" count="61"/>
        <line num="166" type="stmt" count="0"/>
        <line num="168" type="stmt" count="61"/>
        <line num="169" type="stmt" count="61"/>
        <line num="170" type="stmt" count="61"/>
        <line num="171" type="stmt" count="61"/>
        <line num="173" type="stmt" count="18"/>
        <line num="175" type="stmt" count="12"/>
        <line num="176" type="stmt" count="12"/>
        <line num="178" type="stmt" count="18"/>
        <line num="179" type="stmt" count="18"/>
        <line num="181" type="stmt" count="61"/>
        <line num="183" type="stmt" count="61"/>
        <line num="184" type="stmt" count="61"/>
        <line num="185" type="stmt" count="61"/>
        <line num="187" type="stmt" count="0"/>
        <line num="189" type="stmt" count="61"/>
        <line num="190" type="stmt" count="61"/>
        <line num="192" type="stmt" count="61"/>
        <line num="196" type="stmt" count="0"/>
        <line num="198" type="stmt" count="0"/>
        <line num="200" type="stmt" count="0"/>
        <line num="203" type="stmt" count="0"/>
        <line num="205" type="stmt" count="0"/>
        <line num="213" type="method" name="get_column_names" crap="5.02" count="13"/>
        <line num="217" type="stmt" count="13"/>
        <line num="218" type="stmt" count="13"/>
        <line num="220" type="stmt" count="13"/>
        <line num="221" type="stmt" count="13"/>
        <line num="222" type="stmt" count="13"/>
        <line num="224" type="stmt" count="13"/>
        <line num="226" type="stmt" count="0"/>
        <line num="228" type="stmt" count="0"/>
        <line num="230" type="stmt" count="0"/>
        <line num="233" type="stmt" count="0"/>
        <line num="246" type="method" name="get_array_without_weight" crap="7.35" count="5"/>
        <line num="250" type="stmt" count="5"/>
        <line num="251" type="stmt" count="5"/>
        <line num="253" type="stmt" count="5"/>
        <line num="254" type="stmt" count="5"/>
        <line num="256" type="stmt" count="0"/>
        <line num="258" type="stmt" count="5"/>
        <line num="260" type="stmt" count="5"/>
        <line num="262" type="stmt" count="0"/>
        <line num="264" type="stmt" count="0"/>
        <line num="266" type="stmt" count="0"/>
        <line num="269" type="stmt" count="0"/>
        <line num="282" type="method" name="offsetSet" crap="5.67" count="63"/>
        <line num="286" type="stmt" count="63"/>
        <line num="288" type="stmt" count="0"/>
        <line num="290" type="stmt" count="0"/>
        <line num="292" type="stmt" count="0"/>
        <line num="295" type="stmt" count="0"/>
        <line num="297" type="stmt" count="63"/>
        <metrics loc="297" ncloc="216" classes="1" methods="7" coveredmethods="0" conditionals="0" coveredconditionals="0" statements="89" coveredstatements="56" elements="96" coveredelements="56"/>
      </file>
    </package>
    <metrics files="10" loc="4595" ncloc="3298" classes="11" methods="87" coveredmethods="37" conditionals="0" coveredconditionals="0" statements="1372" coveredstatements="1124" elements="1459" coveredelements="1161"/>
  </project>
</coverage>
