<?xml version="1.0" encoding="UTF-8"?>
<coverage generated="1466980428">
  <project timestamp="1466980428">
    <package name="rokugasenpai\TestDataGenerator">
      <file name="/home/nicorec/TestDataGenerator/src/Config.php">
        <class name="Config" namespace="rokugasenpai\TestDataGenerator" fullPackage="TestDataGenerator" package="TestDataGenerator">
          <metrics methods="24" coveredmethods="3" conditionals="0" coveredconditionals="0" statements="247" coveredstatements="127" elements="271" coveredelements="130"/>
        </class>
        <line num="125" type="method" name="__construct" crap="1" count="69"/>
        <line num="127" type="stmt" count="69"/>
        <line num="129" type="stmt" count="69"/>
        <line num="130" type="stmt" count="69"/>
        <line num="141" type="method" name="_check_and_set_props" crap="13.78" count="69"/>
        <line num="144" type="stmt" count="69"/>
        <line num="145" type="stmt" count="69"/>
        <line num="146" type="stmt" count="0"/>
        <line num="149" type="stmt" count="69"/>
        <line num="151" type="stmt" count="69"/>
        <line num="153" type="stmt" count="69"/>
        <line num="154" type="stmt" count="69"/>
        <line num="156" type="stmt" count="69"/>
        <line num="157" type="stmt" count="69"/>
        <line num="158" type="stmt" count="14"/>
        <line num="159" type="stmt" count="14"/>
        <line num="160" type="stmt" count="14"/>
        <line num="161" type="stmt" count="0"/>
        <line num="163" type="stmt" count="14"/>
        <line num="165" type="stmt" count="69"/>
        <line num="166" type="stmt" count="69"/>
        <line num="167" type="stmt" count="0"/>
        <line num="169" type="stmt" count="69"/>
        <line num="180" type="method" name="_check_and_set_num_data" crap="2.15" count="69"/>
        <line num="182" type="stmt" count="69"/>
        <line num="183" type="stmt" count="69"/>
        <line num="184" type="stmt" count="0"/>
        <line num="185" type="stmt" count="0"/>
        <line num="188" type="stmt" count="69"/>
        <line num="189" type="stmt" count="69"/>
        <line num="200" type="method" name="_check_and_set_record_rules" crap="11.08" count="69"/>
        <line num="202" type="stmt" count="69"/>
        <line num="203" type="stmt" count="69"/>
        <line num="204" type="stmt" count="0"/>
        <line num="205" type="stmt" count="0"/>
        <line num="208" type="stmt" count="69"/>
        <line num="210" type="stmt" count="69"/>
        <line num="211" type="stmt" count="69"/>
        <line num="212" type="stmt" count="0"/>
        <line num="213" type="stmt" count="0"/>
        <line num="216" type="stmt" count="69"/>
        <line num="217" type="stmt" count="69"/>
        <line num="218" type="stmt" count="69"/>
        <line num="219" type="stmt" count="0"/>
        <line num="220" type="stmt" count="0"/>
        <line num="221" type="stmt" count="0"/>
        <line num="225" type="stmt" count="69"/>
        <line num="228" type="stmt" count="69"/>
        <line num="231" type="stmt" count="69"/>
        <line num="232" type="stmt" count="69"/>
        <line num="233" type="stmt" count="0"/>
        <line num="236" type="stmt" count="69"/>
        <line num="237" type="stmt" count="69"/>
        <line num="248" type="method" name="_check_and_set_output_filepath" crap="4.43" count="4"/>
        <line num="250" type="stmt" count="4"/>
        <line num="251" type="stmt" count="4"/>
        <line num="252" type="stmt" count="0"/>
        <line num="253" type="stmt" count="0"/>
        <line num="258" type="stmt" count="4"/>
        <line num="259" type="stmt" count="4"/>
        <line num="261" type="stmt" count="4"/>
        <line num="263" type="stmt" count="4"/>
        <line num="265" type="stmt" count="0"/>
        <line num="267" type="stmt" count="4"/>
        <line num="278" type="method" name="_check_and_set_db_pass" crap="3.33" count="14"/>
        <line num="280" type="stmt" count="14"/>
        <line num="281" type="stmt" count="14"/>
        <line num="282" type="stmt" count="0"/>
        <line num="283" type="stmt" count="0"/>
        <line num="286" type="stmt" count="14"/>
        <line num="287" type="stmt" count="14"/>
        <line num="298" type="method" name="_check_and_set_sql" crap="3.33" count="14"/>
        <line num="300" type="stmt" count="14"/>
        <line num="301" type="stmt" count="14"/>
        <line num="302" type="stmt" count="0"/>
        <line num="303" type="stmt" count="0"/>
        <line num="306" type="stmt" count="14"/>
        <line num="307" type="stmt" count="14"/>
        <line num="318" type="method" name="_check_and_set_need_null" crap="6" count="0"/>
        <line num="320" type="stmt" count="0"/>
        <line num="321" type="stmt" count="0"/>
        <line num="322" type="stmt" count="0"/>
        <line num="323" type="stmt" count="0"/>
        <line num="325" type="stmt" count="0"/>
        <line num="326" type="stmt" count="0"/>
        <line num="337" type="method" name="_check_and_set_num_records_per_sql" crap="12" count="0"/>
        <line num="339" type="stmt" count="0"/>
        <line num="340" type="stmt" count="0"/>
        <line num="341" type="stmt" count="0"/>
        <line num="342" type="stmt" count="0"/>
        <line num="345" type="stmt" count="0"/>
        <line num="346" type="stmt" count="0"/>
        <line num="356" type="method" name="_check_and_set_pre_proc" crap="1" count="6"/>
        <line num="358" type="stmt" count="6"/>
        <line num="359" type="stmt" count="6"/>
        <line num="369" type="method" name="_check_and_set_post_proc" crap="1" count="2"/>
        <line num="371" type="stmt" count="2"/>
        <line num="372" type="stmt" count="2"/>
        <line num="387" type="method" name="_common_proc" crap="99.44" count="6"/>
        <line num="389" type="stmt" count="6"/>
        <line num="390" type="stmt" count="6"/>
        <line num="391" type="stmt" count="6"/>
        <line num="392" type="stmt" count="0"/>
        <line num="393" type="stmt" count="0"/>
        <line num="396" type="stmt" count="6"/>
        <line num="397" type="stmt" count="6"/>
        <line num="399" type="stmt" count="6"/>
        <line num="400" type="stmt" count="6"/>
        <line num="401" type="stmt" count="6"/>
        <line num="403" type="stmt" count="6"/>
        <line num="404" type="stmt" count="6"/>
        <line num="406" type="stmt" count="6"/>
        <line num="407" type="stmt" count="6"/>
        <line num="408" type="stmt" count="6"/>
        <line num="409" type="stmt" count="6"/>
        <line num="410" type="stmt" count="6"/>
        <line num="411" type="stmt" count="6"/>
        <line num="412" type="stmt" count="0"/>
        <line num="413" type="stmt" count="0"/>
        <line num="414" type="stmt" count="0"/>
        <line num="417" type="stmt" count="6"/>
        <line num="420" type="stmt" count="6"/>
        <line num="421" type="stmt" count="6"/>
        <line num="422" type="stmt" count="6"/>
        <line num="423" type="stmt" count="6"/>
        <line num="424" type="stmt" count="6"/>
        <line num="425" type="stmt" count="6"/>
        <line num="426" type="stmt" count="6"/>
        <line num="427" type="stmt" count="6"/>
        <line num="428" type="stmt" count="0"/>
        <line num="429" type="stmt" count="0"/>
        <line num="430" type="stmt" count="0"/>
        <line num="433" type="stmt" count="6"/>
        <line num="434" type="stmt" count="6"/>
        <line num="435" type="stmt" count="4"/>
        <line num="436" type="stmt" count="4"/>
        <line num="437" type="stmt" count="6"/>
        <line num="441" type="stmt" count="0"/>
        <line num="442" type="stmt" count="0"/>
        <line num="444" type="stmt" count="0"/>
        <line num="445" type="stmt" count="0"/>
        <line num="446" type="stmt" count="0"/>
        <line num="447" type="stmt" count="0"/>
        <line num="448" type="stmt" count="0"/>
        <line num="449" type="stmt" count="0"/>
        <line num="451" type="stmt" count="0"/>
        <line num="452" type="stmt" count="0"/>
        <line num="453" type="stmt" count="0"/>
        <line num="454" type="stmt" count="0"/>
        <line num="455" type="stmt" count="0"/>
        <line num="456" type="stmt" count="0"/>
        <line num="458" type="stmt" count="0"/>
        <line num="459" type="stmt" count="0"/>
        <line num="460" type="stmt" count="0"/>
        <line num="461" type="stmt" count="0"/>
        <line num="462" type="stmt" count="0"/>
        <line num="465" type="stmt" count="0"/>
        <line num="466" type="stmt" count="0"/>
        <line num="467" type="stmt" count="0"/>
        <line num="468" type="stmt" count="0"/>
        <line num="470" type="stmt" count="6"/>
        <line num="471" type="stmt" count="6"/>
        <line num="472" type="stmt" count="6"/>
        <line num="473" type="stmt" count="6"/>
        <line num="475" type="stmt" count="6"/>
        <line num="476" type="stmt" count="6"/>
        <line num="477" type="stmt" count="6"/>
        <line num="478" type="stmt" count="6"/>
        <line num="479" type="stmt" count="0"/>
        <line num="480" type="stmt" count="0"/>
        <line num="481" type="stmt" count="0"/>
        <line num="484" type="stmt" count="6"/>
        <line num="485" type="stmt" count="6"/>
        <line num="486" type="stmt" count="6"/>
        <line num="489" type="stmt" count="0"/>
        <line num="490" type="stmt" count="0"/>
        <line num="493" type="stmt" count="6"/>
        <line num="494" type="stmt" count="6"/>
        <line num="496" type="stmt" count="6"/>
        <line num="507" type="method" name="_check_and_set_proc_null_value" crap="3.33" count="14"/>
        <line num="509" type="stmt" count="14"/>
        <line num="510" type="stmt" count="14"/>
        <line num="511" type="stmt" count="0"/>
        <line num="512" type="stmt" count="0"/>
        <line num="515" type="stmt" count="14"/>
        <line num="516" type="stmt" count="14"/>
        <line num="527" type="method" name="_check_and_set_proc_head_sql" crap="3.33" count="6"/>
        <line num="529" type="stmt" count="6"/>
        <line num="530" type="stmt" count="6"/>
        <line num="531" type="stmt" count="0"/>
        <line num="532" type="stmt" count="0"/>
        <line num="535" type="stmt" count="6"/>
        <line num="536" type="stmt" count="6"/>
        <line num="547" type="method" name="_check_and_set_proc_tail_sql" crap="3.33" count="6"/>
        <line num="549" type="stmt" count="6"/>
        <line num="550" type="stmt" count="6"/>
        <line num="551" type="stmt" count="0"/>
        <line num="552" type="stmt" count="0"/>
        <line num="555" type="stmt" count="6"/>
        <line num="556" type="stmt" count="6"/>
        <line num="567" type="method" name="_check_and_set_db_name" crap="12" count="0"/>
        <line num="569" type="stmt" count="0"/>
        <line num="570" type="stmt" count="0"/>
        <line num="571" type="stmt" count="0"/>
        <line num="572" type="stmt" count="0"/>
        <line num="575" type="stmt" count="0"/>
        <line num="576" type="stmt" count="0"/>
        <line num="587" type="method" name="_check_and_set_db_user" crap="3.33" count="14"/>
        <line num="589" type="stmt" count="14"/>
        <line num="590" type="stmt" count="14"/>
        <line num="591" type="stmt" count="0"/>
        <line num="592" type="stmt" count="0"/>
        <line num="595" type="stmt" count="14"/>
        <line num="596" type="stmt" count="14"/>
        <line num="607" type="method" name="_check_and_set_db_host" crap="12" count="0"/>
        <line num="609" type="stmt" count="0"/>
        <line num="610" type="stmt" count="0"/>
        <line num="611" type="stmt" count="0"/>
        <line num="612" type="stmt" count="0"/>
        <line num="615" type="stmt" count="0"/>
        <line num="616" type="stmt" count="0"/>
        <line num="627" type="method" name="_check_and_set_db_port" crap="12" count="0"/>
        <line num="629" type="stmt" count="0"/>
        <line num="630" type="stmt" count="0"/>
        <line num="631" type="stmt" count="0"/>
        <line num="632" type="stmt" count="0"/>
        <line num="635" type="stmt" count="0"/>
        <line num="636" type="stmt" count="0"/>
        <line num="647" type="method" name="_check_and_set_need_header" crap="2.15" count="67"/>
        <line num="649" type="stmt" count="67"/>
        <line num="650" type="stmt" count="67"/>
        <line num="651" type="stmt" count="0"/>
        <line num="652" type="stmt" count="0"/>
        <line num="655" type="stmt" count="67"/>
        <line num="656" type="stmt" count="67"/>
        <line num="667" type="method" name="_check_and_set_need_stdout" crap="2.15" count="2"/>
        <line num="669" type="stmt" count="2"/>
        <line num="670" type="stmt" count="2"/>
        <line num="671" type="stmt" count="0"/>
        <line num="672" type="stmt" count="0"/>
        <line num="674" type="stmt" count="2"/>
        <line num="675" type="stmt" count="2"/>
        <line num="686" type="method" name="_check_and_set_eol" crap="4.59" count="69"/>
        <line num="688" type="stmt" count="69"/>
        <line num="689" type="stmt" count="69"/>
        <line num="690" type="stmt" count="0"/>
        <line num="691" type="stmt" count="0"/>
        <line num="693" type="stmt" count="69"/>
        <line num="694" type="stmt" count="69"/>
        <line num="706" type="method" name="_check_and_set_charset" crap="20" count="0"/>
        <line num="708" type="stmt" count="0"/>
        <line num="709" type="stmt" count="0"/>
        <line num="710" type="stmt" count="0"/>
        <line num="711" type="stmt" count="0"/>
        <line num="714" type="stmt" count="0"/>
        <line num="715" type="stmt" count="0"/>
        <line num="716" type="stmt" count="0"/>
        <line num="717" type="stmt" count="0"/>
        <line num="718" type="stmt" count="0"/>
        <line num="721" type="stmt" count="0"/>
        <line num="722" type="stmt" count="0"/>
        <line num="733" type="method" name="_check_and_set_memory_limit" crap="12" count="0"/>
        <line num="735" type="stmt" count="0"/>
        <line num="736" type="stmt" count="0"/>
        <line num="737" type="stmt" count="0"/>
        <line num="738" type="stmt" count="0"/>
        <line num="741" type="stmt" count="0"/>
        <line num="742" type="stmt" count="0"/>
        <line num="743" type="stmt" count="0"/>
        <line num="745" type="stmt" count="0"/>
        <line num="746" type="stmt" count="0"/>
        <metrics loc="746" ncloc="474" classes="1" methods="24" coveredmethods="3" conditionals="0" coveredconditionals="0" statements="247" coveredstatements="127" elements="271" coveredelements="130"/>
      </file>
      <file name="/home/nicorec/TestDataGenerator/src/Field.php">
        <class name="Field" namespace="rokugasenpai\TestDataGenerator" fullPackage="TestDataGenerator" package="TestDataGenerator">
          <metrics methods="12" coveredmethods="8" conditionals="0" coveredconditionals="0" statements="128" coveredstatements="117" elements="140" coveredelements="125"/>
        </class>
        <line num="57" type="method" name="__construct" crap="1" count="69"/>
        <line num="59" type="stmt" count="69"/>
        <line num="60" type="stmt" count="69"/>
        <line num="75" type="method" name="set_value" crap="8.05" count="69"/>
        <line num="77" type="stmt" count="69"/>
        <line num="78" type="stmt" count="69"/>
        <line num="79" type="stmt" count="69"/>
        <line num="81" type="stmt" count="69"/>
        <line num="83" type="stmt" count="69"/>
        <line num="84" type="stmt" count="69"/>
        <line num="85" type="stmt" count="69"/>
        <line num="86" type="stmt" count="69"/>
        <line num="87" type="stmt" count="69"/>
        <line num="88" type="stmt" count="69"/>
        <line num="89" type="stmt" count="69"/>
        <line num="91" type="stmt" count="69"/>
        <line num="92" type="stmt" count="69"/>
        <line num="93" type="stmt" count="69"/>
        <line num="97" type="stmt" count="2"/>
        <line num="100" type="stmt" count="2"/>
        <line num="101" type="stmt" count="2"/>
        <line num="103" type="stmt" count="69"/>
        <line num="104" type="stmt" count="69"/>
        <line num="105" type="stmt" count="0"/>
        <line num="106" type="stmt" count="0"/>
        <line num="108" type="stmt" count="69"/>
        <line num="118" type="method" name="get_value" crap="1" count="69"/>
        <line num="120" type="stmt" count="69"/>
        <line num="132" type="method" name="_check_value" crap="6" count="69"/>
        <line num="134" type="stmt" count="69"/>
        <line num="135" type="stmt" count="4"/>
        <line num="136" type="stmt" count="4"/>
        <line num="137" type="stmt" count="4"/>
        <line num="138" type="stmt" count="4"/>
        <line num="139" type="stmt" count="4"/>
        <line num="140" type="stmt" count="69"/>
        <line num="141" type="stmt" count="69"/>
        <line num="144" type="stmt" count="2"/>
        <line num="158" type="method" name="_seq" crap="1" count="17"/>
        <line num="160" type="stmt" count="17"/>
        <line num="161" type="stmt" count="17"/>
        <line num="174" type="method" name="_number" crap="2.02" count="10"/>
        <line num="176" type="stmt" count="10"/>
        <line num="177" type="stmt" count="10"/>
        <line num="178" type="stmt" count="10"/>
        <line num="179" type="stmt" count="10"/>
        <line num="181" type="stmt" count="10"/>
        <line num="182" type="stmt" count="10"/>
        <line num="183" type="stmt" count="0"/>
        <line num="184" type="stmt" count="0"/>
        <line num="187" type="stmt" count="10"/>
        <line num="188" type="stmt" count="10"/>
        <line num="190" type="stmt" count="10"/>
        <line num="203" type="method" name="_datetime" crap="1" count="12"/>
        <line num="205" type="stmt" count="12"/>
        <line num="206" type="stmt" count="12"/>
        <line num="219" type="method" name="_timestamp" crap="1" count="10"/>
        <line num="221" type="stmt" count="10"/>
        <line num="222" type="stmt" count="10"/>
        <line num="232" type="method" name="_common_datetime_timestamp" crap="7" count="22"/>
        <line num="234" type="stmt" count="22"/>
        <line num="235" type="stmt" count="22"/>
        <line num="236" type="stmt" count="22"/>
        <line num="237" type="stmt" count="22"/>
        <line num="239" type="stmt" count="22"/>
        <line num="240" type="stmt" count="22"/>
        <line num="243" type="stmt" count="22"/>
        <line num="244" type="stmt" count="22"/>
        <line num="247" type="stmt" count="8"/>
        <line num="248" type="stmt" count="8"/>
        <line num="249" type="stmt" count="8"/>
        <line num="250" type="stmt" count="8"/>
        <line num="251" type="stmt" count="8"/>
        <line num="252" type="stmt" count="8"/>
        <line num="253" type="stmt" count="8"/>
        <line num="254" type="stmt" count="8"/>
        <line num="255" type="stmt" count="8"/>
        <line num="256" type="stmt" count="8"/>
        <line num="257" type="stmt" count="8"/>
        <line num="258" type="stmt" count="8"/>
        <line num="259" type="stmt" count="4"/>
        <line num="260" type="stmt" count="4"/>
        <line num="261" type="stmt" count="8"/>
        <line num="264" type="stmt" count="14"/>
        <line num="265" type="stmt" count="14"/>
        <line num="266" type="stmt" count="14"/>
        <line num="267" type="stmt" count="14"/>
        <line num="268" type="stmt" count="14"/>
        <line num="269" type="stmt" count="14"/>
        <line num="270" type="stmt" count="14"/>
        <line num="271" type="stmt" count="8"/>
        <line num="272" type="stmt" count="8"/>
        <line num="275" type="stmt" count="22"/>
        <line num="276" type="stmt" count="22"/>
        <line num="278" type="stmt" count="10"/>
        <line num="283" type="stmt" count="12"/>
        <line num="298" type="method" name="_pattern" crap="6.02" count="22"/>
        <line num="300" type="stmt" count="22"/>
        <line num="301" type="stmt" count="22"/>
        <line num="303" type="stmt" count="22"/>
        <line num="305" type="stmt" count="22"/>
        <line num="306" type="stmt" count="22"/>
        <line num="307" type="stmt" count="12"/>
        <line num="308" type="stmt" count="12"/>
        <line num="311" type="stmt" count="12"/>
        <line num="313" type="stmt" count="12"/>
        <line num="314" type="stmt" count="12"/>
        <line num="315" type="stmt" count="12"/>
        <line num="316" type="stmt" count="12"/>
        <line num="317" type="stmt" count="12"/>
        <line num="321" type="stmt" count="12"/>
        <line num="322" type="stmt" count="12"/>
        <line num="325" type="stmt" count="12"/>
        <line num="328" type="stmt" count="20"/>
        <line num="330" type="stmt" count="22"/>
        <line num="332" type="stmt" count="22"/>
        <line num="333" type="stmt" count="22"/>
        <line num="334" type="stmt" count="0"/>
        <line num="335" type="stmt" count="0"/>
        <line num="338" type="stmt" count="22"/>
        <line num="340" type="stmt" count="22"/>
        <line num="353" type="method" name="_db_column" crap="3.85" count="14"/>
        <line num="355" type="stmt" count="14"/>
        <line num="356" type="stmt" count="14"/>
        <line num="357" type="stmt" count="0"/>
        <line num="358" type="stmt" count="0"/>
        <line num="359" type="stmt" count="0"/>
        <line num="363" type="stmt" count="14"/>
        <line num="364" type="stmt" count="14"/>
        <line num="365" type="stmt" count="0"/>
        <line num="366" type="stmt" count="0"/>
        <line num="369" type="stmt" count="14"/>
        <line num="371" type="stmt" count="14"/>
        <line num="384" type="method" name="_code" crap="2" count="2"/>
        <line num="386" type="stmt" count="2"/>
        <line num="387" type="stmt" count="2"/>
        <line num="388" type="stmt" count="2"/>
        <line num="389" type="stmt" count="2"/>
        <line num="392" type="stmt" count="2"/>
        <line num="393" type="stmt" count="2"/>
        <metrics loc="393" ncloc="233" classes="1" methods="12" coveredmethods="8" conditionals="0" coveredconditionals="0" statements="128" coveredstatements="117" elements="140" coveredelements="125"/>
      </file>
      <file name="/home/nicorec/TestDataGenerator/src/Pattern.php">
        <class name="Pattern" namespace="rokugasenpai\TestDataGenerator" fullPackage="TestDataGenerator" package="TestDataGenerator">
          <metrics methods="2" coveredmethods="1" conditionals="0" coveredconditionals="0" statements="6" coveredstatements="4" elements="8" coveredelements="5"/>
        </class>
        <line num="48" type="method" name="__construct" crap="1" count="1"/>
        <line num="51" type="stmt" count="1"/>
        <line num="62" type="method" name="get" crap="3.58" count="8"/>
        <line num="64" type="stmt" count="8"/>
        <line num="65" type="stmt" count="8"/>
        <line num="68" type="stmt" count="8"/>
        <line num="70" type="stmt" count="0"/>
        <line num="72" type="stmt" count="0"/>
        <metrics loc="75" ncloc="38" classes="1" methods="2" coveredmethods="1" conditionals="0" coveredconditionals="0" statements="6" coveredstatements="4" elements="8" coveredelements="5"/>
      </file>
      <file name="/home/nicorec/TestDataGenerator/src/Record.php">
        <class name="Record" namespace="rokugasenpai\TestDataGenerator" fullPackage="TestDataGenerator" package="TestDataGenerator">
          <metrics methods="6" coveredmethods="4" conditionals="0" coveredconditionals="0" statements="71" coveredstatements="61" elements="77" coveredelements="65"/>
        </class>
        <line num="61" type="method" name="__construct" crap="1" count="1"/>
        <line num="64" type="stmt" count="1"/>
        <line num="73" type="method" name="init" crap="12" count="0"/>
        <line num="75" type="stmt" count="0"/>
        <line num="76" type="stmt" count="0"/>
        <line num="77" type="stmt" count="0"/>
        <line num="78" type="stmt" count="0"/>
        <line num="79" type="stmt" count="0"/>
        <line num="82" type="stmt" count="0"/>
        <line num="84" type="stmt" count="0"/>
        <line num="85" type="stmt" count="0"/>
        <line num="87" type="stmt" count="0"/>
        <line num="104" type="method" name="generate" crap="4" count="69"/>
        <line num="108" type="stmt" count="69"/>
        <line num="109" type="stmt" count="69"/>
        <line num="110" type="stmt" count="1"/>
        <line num="111" type="stmt" count="1"/>
        <line num="112" type="stmt" count="1"/>
        <line num="114" type="stmt" count="69"/>
        <line num="115" type="stmt" count="69"/>
        <line num="116" type="stmt" count="69"/>
        <line num="117" type="stmt" count="69"/>
        <line num="120" type="stmt" count="69"/>
        <line num="123" type="stmt" count="69"/>
        <line num="124" type="stmt" count="69"/>
        <line num="134" type="method" name="get_data" crap="1" count="69"/>
        <line num="136" type="stmt" count="69"/>
        <line num="152" type="method" name="_from_db" crap="7" count="69"/>
        <line num="154" type="stmt" count="69"/>
        <line num="155" type="stmt" count="69"/>
        <line num="156" type="stmt" count="55"/>
        <line num="159" type="stmt" count="14"/>
        <line num="161" type="stmt" count="14"/>
        <line num="162" type="stmt" count="14"/>
        <line num="163" type="stmt" count="14"/>
        <line num="166" type="stmt" count="14"/>
        <line num="167" type="stmt" count="14"/>
        <line num="168" type="stmt" count="14"/>
        <line num="169" type="stmt" count="8"/>
        <line num="170" type="stmt" count="8"/>
        <line num="171" type="stmt" count="14"/>
        <line num="175" type="stmt" count="14"/>
        <line num="176" type="stmt" count="14"/>
        <line num="178" type="stmt" count="14"/>
        <line num="179" type="stmt" count="14"/>
        <line num="181" type="stmt" count="14"/>
        <line num="183" type="stmt" count="0"/>
        <line num="185" type="stmt" count="14"/>
        <line num="199" type="method" name="_to_data" crap="7" count="69"/>
        <line num="201" type="stmt" count="69"/>
        <line num="202" type="stmt" count="69"/>
        <line num="204" type="stmt" count="69"/>
        <line num="206" type="stmt" count="69"/>
        <line num="207" type="stmt" count="69"/>
        <line num="208" type="stmt" count="69"/>
        <line num="210" type="stmt" count="55"/>
        <line num="211" type="stmt" count="55"/>
        <line num="214" type="stmt" count="14"/>
        <line num="215" type="stmt" count="14"/>
        <line num="217" type="stmt" count="69"/>
        <line num="218" type="stmt" count="69"/>
        <line num="219" type="stmt" count="69"/>
        <line num="224" type="stmt" count="69"/>
        <line num="226" type="stmt" count="69"/>
        <line num="227" type="stmt" count="69"/>
        <line num="228" type="stmt" count="55"/>
        <line num="229" type="stmt" count="55"/>
        <line num="232" type="stmt" count="14"/>
        <line num="233" type="stmt" count="14"/>
        <line num="235" type="stmt" count="69"/>
        <line num="236" type="stmt" count="69"/>
        <line num="238" type="stmt" count="69"/>
        <line num="239" type="stmt" count="69"/>
        <line num="240" type="stmt" count="69"/>
        <line num="241" type="stmt" count="69"/>
        <line num="242" type="stmt" count="69"/>
        <line num="243" type="stmt" count="69"/>
        <metrics loc="244" ncloc="140" classes="1" methods="6" coveredmethods="4" conditionals="0" coveredconditionals="0" statements="71" coveredstatements="61" elements="77" coveredelements="65"/>
      </file>
      <file name="/home/nicorec/TestDataGenerator/src/Rule.php">
        <class name="Rule" namespace="rokugasenpai\TestDataGenerator" fullPackage="TestDataGenerator" package="TestDataGenerator">
          <metrics methods="15" coveredmethods="6" conditionals="0" coveredconditionals="0" statements="451" coveredstatements="344" elements="466" coveredelements="350"/>
        </class>
        <line num="126" type="method" name="__construct" crap="1" count="69"/>
        <line num="128" type="stmt" count="69"/>
        <line num="129" type="stmt" count="69"/>
        <line num="130" type="stmt" count="69"/>
        <line num="132" type="stmt" count="69"/>
        <line num="134" type="stmt" count="69"/>
        <line num="135" type="stmt" count="69"/>
        <line num="137" type="stmt" count="69"/>
        <line num="138" type="stmt" count="69"/>
        <line num="140" type="stmt" count="69"/>
        <line num="141" type="stmt" count="69"/>
        <line num="143" type="stmt" count="69"/>
        <line num="144" type="stmt" count="69"/>
        <line num="146" type="stmt" count="69"/>
        <line num="147" type="stmt" count="69"/>
        <line num="149" type="stmt" count="69"/>
        <line num="150" type="stmt" count="69"/>
        <line num="152" type="stmt" count="69"/>
        <line num="154" type="stmt" count="69"/>
        <line num="155" type="stmt" count="69"/>
        <line num="157" type="stmt" count="69"/>
        <line num="158" type="stmt" count="69"/>
        <line num="159" type="stmt" count="69"/>
        <line num="161" type="stmt" count="69"/>
        <line num="162" type="stmt" count="69"/>
        <line num="163" type="stmt" count="69"/>
        <line num="165" type="stmt" count="69"/>
        <line num="166" type="stmt" count="69"/>
        <line num="167" type="stmt" count="69"/>
        <line num="169" type="stmt" count="69"/>
        <line num="170" type="stmt" count="69"/>
        <line num="171" type="stmt" count="69"/>
        <line num="173" type="stmt" count="69"/>
        <line num="174" type="stmt" count="69"/>
        <line num="175" type="stmt" count="69"/>
        <line num="177" type="stmt" count="69"/>
        <line num="179" type="stmt" count="69"/>
        <line num="180" type="stmt" count="69"/>
        <line num="181" type="stmt" count="69"/>
        <line num="183" type="stmt" count="69"/>
        <line num="184" type="stmt" count="69"/>
        <line num="185" type="stmt" count="69"/>
        <line num="186" type="stmt" count="69"/>
        <line num="188" type="stmt" count="69"/>
        <line num="189" type="stmt" count="69"/>
        <line num="190" type="stmt" count="69"/>
        <line num="191" type="stmt" count="69"/>
        <line num="193" type="stmt" count="69"/>
        <line num="194" type="stmt" count="69"/>
        <line num="195" type="stmt" count="69"/>
        <line num="196" type="stmt" count="69"/>
        <line num="198" type="stmt" count="69"/>
        <line num="199" type="stmt" count="69"/>
        <line num="200" type="stmt" count="69"/>
        <line num="201" type="stmt" count="69"/>
        <line num="203" type="stmt" count="69"/>
        <line num="204" type="stmt" count="69"/>
        <line num="205" type="stmt" count="69"/>
        <line num="206" type="stmt" count="69"/>
        <line num="208" type="stmt" count="69"/>
        <line num="209" type="stmt" count="69"/>
        <line num="210" type="stmt" count="69"/>
        <line num="211" type="stmt" count="69"/>
        <line num="213" type="stmt" count="69"/>
        <line num="215" type="stmt" count="69"/>
        <line num="216" type="stmt" count="69"/>
        <line num="224" type="method" name="get_values" crap="1" count="69"/>
        <line num="226" type="stmt" count="69"/>
        <line num="238" type="method" name="_check_and_set_props" crap="5" count="69"/>
        <line num="241" type="stmt" count="69"/>
        <line num="242" type="stmt" count="69"/>
        <line num="243" type="method" name="anonymous function" crap="1" count="69"/>
        <line num="244" type="stmt" count="69"/>
        <line num="245" type="stmt" count="69"/>
        <line num="246" type="stmt" count="69"/>
        <line num="247" type="stmt" count="69"/>
        <line num="248" type="stmt" count="69"/>
        <line num="251" type="stmt" count="69"/>
        <line num="254" type="stmt" count="69"/>
        <line num="255" type="stmt" count="69"/>
        <line num="256" type="stmt" count="69"/>
        <line num="257" type="stmt" count="69"/>
        <line num="258" type="stmt" count="69"/>
        <line num="259" type="stmt" count="69"/>
        <line num="260" type="stmt" count="69"/>
        <line num="261" type="stmt" count="69"/>
        <line num="269" type="method" name="_after_check_props" crap="12.89" count="69"/>
        <line num="271" type="stmt" count="69"/>
        <line num="272" type="stmt" count="69"/>
        <line num="273" type="stmt" count="65"/>
        <line num="276" type="stmt" count="4"/>
        <line num="278" type="stmt" count="4"/>
        <line num="279" type="stmt" count="4"/>
        <line num="280" type="stmt" count="0"/>
        <line num="283" type="stmt" count="4"/>
        <line num="285" type="stmt" count="4"/>
        <line num="286" type="stmt" count="4"/>
        <line num="287" type="stmt" count="0"/>
        <line num="290" type="stmt" count="4"/>
        <line num="291" type="stmt" count="4"/>
        <line num="293" type="stmt" count="4"/>
        <line num="294" type="stmt" count="4"/>
        <line num="295" type="stmt" count="4"/>
        <line num="296" type="stmt" count="4"/>
        <line num="297" type="stmt" count="4"/>
        <line num="298" type="stmt" count="4"/>
        <line num="299" type="stmt" count="0"/>
        <line num="300" type="stmt" count="0"/>
        <line num="301" type="stmt" count="4"/>
        <line num="304" type="stmt" count="4"/>
        <line num="305" type="stmt" count="4"/>
        <line num="306" type="stmt" count="0"/>
        <line num="307" type="stmt" count="0"/>
        <line num="308" type="stmt" count="0"/>
        <line num="309" type="stmt" count="4"/>
        <line num="320" type="method" name="_check_and_set_uint" crap="2.15" count="17"/>
        <line num="322" type="stmt" count="17"/>
        <line num="323" type="stmt" count="17"/>
        <line num="324" type="stmt" count="0"/>
        <line num="325" type="stmt" count="0"/>
        <line num="328" type="stmt" count="17"/>
        <line num="329" type="stmt" count="17"/>
        <line num="341" type="method" name="_check_and_set_uint_range" crap="1" count="4"/>
        <line num="343" type="stmt" count="4"/>
        <line num="344" type="stmt" count="4"/>
        <line num="356" type="method" name="_check_and_set_numeric_range" crap="1" count="10"/>
        <line num="358" type="stmt" count="10"/>
        <line num="359" type="stmt" count="10"/>
        <line num="370" type="method" name="_common_uint_range_numeric_range" crap="75.55" count="14"/>
        <line num="372" type="stmt" count="14"/>
        <line num="374" type="stmt" count="14"/>
        <line num="375" type="stmt" count="14"/>
        <line num="376" type="stmt" count="2"/>
        <line num="377" type="stmt" count="2"/>
        <line num="378" type="stmt" count="2"/>
        <line num="379" type="stmt" count="2"/>
        <line num="380" type="stmt" count="2"/>
        <line num="382" type="stmt" count="14"/>
        <line num="383" type="stmt" count="14"/>
        <line num="385" type="stmt" count="14"/>
        <line num="386" type="stmt" count="14"/>
        <line num="387" type="stmt" count="2"/>
        <line num="388" type="stmt" count="2"/>
        <line num="389" type="stmt" count="2"/>
        <line num="390" type="stmt" count="12"/>
        <line num="391" type="stmt" count="12"/>
        <line num="392" type="stmt" count="0"/>
        <line num="393" type="stmt" count="0"/>
        <line num="394" type="stmt" count="0"/>
        <line num="396" type="stmt" count="14"/>
        <line num="397" type="stmt" count="14"/>
        <line num="399" type="stmt" count="14"/>
        <line num="400" type="stmt" count="14"/>
        <line num="402" type="stmt" count="14"/>
        <line num="403" type="stmt" count="14"/>
        <line num="404" type="stmt" count="0"/>
        <line num="405" type="stmt" count="0"/>
        <line num="406" type="stmt" count="0"/>
        <line num="408" type="stmt" count="14"/>
        <line num="409" type="stmt" count="14"/>
        <line num="410" type="stmt" count="0"/>
        <line num="411" type="stmt" count="0"/>
        <line num="412" type="stmt" count="0"/>
        <line num="415" type="stmt" count="14"/>
        <line num="416" type="stmt" count="14"/>
        <line num="417" type="stmt" count="14"/>
        <line num="418" type="stmt" count="14"/>
        <line num="420" type="stmt" count="14"/>
        <line num="421" type="stmt" count="14"/>
        <line num="422" type="stmt" count="0"/>
        <line num="423" type="stmt" count="0"/>
        <line num="424" type="stmt" count="0"/>
        <line num="425" type="stmt" count="0"/>
        <line num="426" type="stmt" count="0"/>
        <line num="429" type="stmt" count="14"/>
        <line num="430" type="stmt" count="14"/>
        <line num="431" type="stmt" count="14"/>
        <line num="432" type="stmt" count="14"/>
        <line num="435" type="stmt" count="14"/>
        <line num="436" type="stmt" count="14"/>
        <line num="437" type="stmt" count="14"/>
        <line num="438" type="stmt" count="14"/>
        <line num="440" type="stmt" count="14"/>
        <line num="441" type="stmt" count="14"/>
        <line num="442" type="stmt" count="14"/>
        <line num="443" type="stmt" count="14"/>
        <line num="444" type="stmt" count="0"/>
        <line num="445" type="stmt" count="0"/>
        <line num="446" type="stmt" count="0"/>
        <line num="449" type="stmt" count="14"/>
        <line num="450" type="stmt" count="14"/>
        <line num="451" type="stmt" count="14"/>
        <line num="452" type="stmt" count="14"/>
        <line num="454" type="stmt" count="14"/>
        <line num="455" type="stmt" count="14"/>
        <line num="456" type="stmt" count="0"/>
        <line num="457" type="stmt" count="0"/>
        <line num="458" type="stmt" count="0"/>
        <line num="461" type="stmt" count="14"/>
        <line num="462" type="stmt" count="14"/>
        <line num="463" type="stmt" count="1"/>
        <line num="464" type="stmt" count="0"/>
        <line num="465" type="stmt" count="14"/>
        <line num="466" type="stmt" count="2"/>
        <line num="467" type="stmt" count="0"/>
        <line num="468" type="stmt" count="14"/>
        <line num="469" type="stmt" count="2"/>
        <line num="470" type="stmt" count="0"/>
        <line num="473" type="stmt" count="14"/>
        <line num="474" type="stmt" count="0"/>
        <line num="475" type="stmt" count="0"/>
        <line num="476" type="stmt" count="0"/>
        <line num="477" type="stmt" count="0"/>
        <line num="478" type="stmt" count="0"/>
        <line num="481" type="stmt" count="0"/>
        <line num="482" type="stmt" count="0"/>
        <line num="483" type="stmt" count="0"/>
        <line num="484" type="stmt" count="0"/>
        <line num="485" type="stmt" count="0"/>
        <line num="487" type="stmt" count="0"/>
        <line num="489" type="stmt" count="14"/>
        <line num="490" type="stmt" count="14"/>
        <line num="491" type="stmt" count="0"/>
        <line num="492" type="stmt" count="0"/>
        <line num="493" type="stmt" count="0"/>
        <line num="496" type="stmt" count="14"/>
        <line num="497" type="stmt" count="14"/>
        <line num="498" type="stmt" count="14"/>
        <line num="499" type="stmt" count="14"/>
        <line num="500" type="stmt" count="14"/>
        <line num="501" type="stmt" count="14"/>
        <line num="502" type="stmt" count="14"/>
        <line num="504" type="stmt" count="14"/>
        <line num="506" type="stmt" count="14"/>
        <line num="507" type="stmt" count="14"/>
        <line num="519" type="method" name="_check_and_set_datetime_range" crap="23.01" count="22"/>
        <line num="521" type="stmt" count="22"/>
        <line num="522" type="stmt" count="22"/>
        <line num="523" type="stmt" count="2"/>
        <line num="524" type="stmt" count="2"/>
        <line num="525" type="stmt" count="2"/>
        <line num="526" type="stmt" count="2"/>
        <line num="528" type="stmt" count="22"/>
        <line num="529" type="stmt" count="22"/>
        <line num="532" type="stmt" count="22"/>
        <line num="533" type="stmt" count="22"/>
        <line num="534" type="stmt" count="4"/>
        <line num="535" type="stmt" count="4"/>
        <line num="536" type="stmt" count="4"/>
        <line num="539" type="stmt" count="22"/>
        <line num="540" type="stmt" count="22"/>
        <line num="541" type="stmt" count="0"/>
        <line num="542" type="stmt" count="0"/>
        <line num="543" type="stmt" count="0"/>
        <line num="545" type="stmt" count="22"/>
        <line num="546" type="stmt" count="22"/>
        <line num="547" type="stmt" count="0"/>
        <line num="548" type="stmt" count="0"/>
        <line num="549" type="stmt" count="0"/>
        <line num="552" type="stmt" count="22"/>
        <line num="553" type="stmt" count="22"/>
        <line num="554" type="stmt" count="22"/>
        <line num="556" type="stmt" count="22"/>
        <line num="557" type="stmt" count="22"/>
        <line num="558" type="stmt" count="0"/>
        <line num="559" type="stmt" count="0"/>
        <line num="560" type="stmt" count="0"/>
        <line num="561" type="stmt" count="0"/>
        <line num="564" type="stmt" count="22"/>
        <line num="565" type="stmt" count="22"/>
        <line num="566" type="stmt" count="22"/>
        <line num="570" type="stmt" count="22"/>
        <line num="571" type="stmt" count="22"/>
        <line num="572" type="stmt" count="22"/>
        <line num="574" type="stmt" count="22"/>
        <line num="575" type="stmt" count="22"/>
        <line num="576" type="stmt" count="22"/>
        <line num="577" type="stmt" count="0"/>
        <line num="578" type="stmt" count="0"/>
        <line num="579" type="stmt" count="0"/>
        <line num="582" type="stmt" count="22"/>
        <line num="583" type="stmt" count="22"/>
        <line num="584" type="stmt" count="22"/>
        <line num="586" type="stmt" count="22"/>
        <line num="587" type="stmt" count="22"/>
        <line num="588" type="stmt" count="0"/>
        <line num="589" type="stmt" count="0"/>
        <line num="590" type="stmt" count="0"/>
        <line num="593" type="stmt" count="22"/>
        <line num="594" type="stmt" count="22"/>
        <line num="595" type="stmt" count="22"/>
        <line num="596" type="stmt" count="22"/>
        <line num="599" type="stmt" count="22"/>
        <line num="600" type="stmt" count="22"/>
        <line num="601" type="stmt" count="0"/>
        <line num="602" type="stmt" count="0"/>
        <line num="603" type="stmt" count="0"/>
        <line num="606" type="stmt" count="22"/>
        <line num="607" type="stmt" count="22"/>
        <line num="608" type="stmt" count="0"/>
        <line num="609" type="stmt" count="0"/>
        <line num="610" type="stmt" count="0"/>
        <line num="613" type="stmt" count="22"/>
        <line num="614" type="stmt" count="22"/>
        <line num="615" type="stmt" count="22"/>
        <line num="616" type="stmt" count="22"/>
        <line num="618" type="stmt" count="22"/>
        <line num="620" type="stmt" count="22"/>
        <line num="621" type="stmt" count="22"/>
        <line num="648" type="method" name="_check_and_set_pattern" crap="25.93" count="22"/>
        <line num="650" type="stmt" count="22"/>
        <line num="651" type="stmt" count="22"/>
        <line num="652" type="stmt" count="0"/>
        <line num="653" type="stmt" count="0"/>
        <line num="656" type="stmt" count="22"/>
        <line num="657" type="stmt" count="22"/>
        <line num="658" type="stmt" count="0"/>
        <line num="659" type="stmt" count="0"/>
        <line num="660" type="stmt" count="0"/>
        <line num="663" type="stmt" count="22"/>
        <line num="664" type="stmt" count="22"/>
        <line num="666" type="stmt" count="22"/>
        <line num="667" type="stmt" count="22"/>
        <line num="669" type="stmt" count="22"/>
        <line num="670" type="stmt" count="22"/>
        <line num="671" type="stmt" count="22"/>
        <line num="672" type="stmt" count="22"/>
        <line num="674" type="stmt" count="22"/>
        <line num="675" type="stmt" count="22"/>
        <line num="676" type="stmt" count="0"/>
        <line num="677" type="stmt" count="0"/>
        <line num="678" type="stmt" count="0"/>
        <line num="679" type="stmt" count="0"/>
        <line num="680" type="stmt" count="0"/>
        <line num="683" type="stmt" count="22"/>
        <line num="684" type="stmt" count="22"/>
        <line num="685" type="stmt" count="22"/>
        <line num="686" type="stmt" count="22"/>
        <line num="690" type="stmt" count="22"/>
        <line num="691" type="stmt" count="22"/>
        <line num="692" type="stmt" count="22"/>
        <line num="693" type="stmt" count="12"/>
        <line num="694" type="stmt" count="12"/>
        <line num="697" type="stmt" count="22"/>
        <line num="698" type="stmt" count="22"/>
        <line num="699" type="stmt" count="8"/>
        <line num="700" type="stmt" count="8"/>
        <line num="701" type="stmt" count="8"/>
        <line num="702" type="stmt" count="2"/>
        <line num="703" type="stmt" count="2"/>
        <line num="704" type="stmt" count="8"/>
        <line num="705" type="stmt" count="8"/>
        <line num="708" type="stmt" count="22"/>
        <line num="709" type="stmt" count="22"/>
        <line num="710" type="stmt" count="10"/>
        <line num="711" type="stmt" count="10"/>
        <line num="712" type="stmt" count="10"/>
        <line num="713" type="stmt" count="10"/>
        <line num="716" type="stmt" count="22"/>
        <line num="717" type="stmt" count="22"/>
        <line num="718" type="stmt" count="22"/>
        <line num="719" type="stmt" count="4"/>
        <line num="720" type="stmt" count="4"/>
        <line num="723" type="stmt" count="22"/>
        <line num="725" type="stmt" count="22"/>
        <line num="726" type="stmt" count="22"/>
        <line num="728" type="stmt" count="8"/>
        <line num="729" type="stmt" count="8"/>
        <line num="730" type="stmt" count="0"/>
        <line num="731" type="stmt" count="0"/>
        <line num="732" type="stmt" count="0"/>
        <line num="735" type="stmt" count="8"/>
        <line num="736" type="stmt" count="8"/>
        <line num="737" type="stmt" count="0"/>
        <line num="738" type="stmt" count="0"/>
        <line num="739" type="stmt" count="0"/>
        <line num="742" type="stmt" count="8"/>
        <line num="743" type="stmt" count="8"/>
        <line num="744" type="stmt" count="0"/>
        <line num="745" type="stmt" count="0"/>
        <line num="746" type="stmt" count="0"/>
        <line num="749" type="stmt" count="8"/>
        <line num="750" type="stmt" count="8"/>
        <line num="751" type="stmt" count="8"/>
        <line num="753" type="stmt" count="8"/>
        <line num="754" type="stmt" count="8"/>
        <line num="755" type="stmt" count="8"/>
        <line num="758" type="stmt" count="16"/>
        <line num="759" type="stmt" count="16"/>
        <line num="760" type="stmt" count="16"/>
        <line num="762" type="stmt" count="22"/>
        <line num="764" type="stmt" count="22"/>
        <line num="765" type="stmt" count="22"/>
        <line num="767" type="stmt" count="22"/>
        <line num="768" type="stmt" count="22"/>
        <line num="779" type="method" name="_check_and_set_db_column" crap="2.15" count="14"/>
        <line num="781" type="stmt" count="14"/>
        <line num="782" type="stmt" count="14"/>
        <line num="783" type="stmt" count="0"/>
        <line num="784" type="stmt" count="0"/>
        <line num="787" type="stmt" count="14"/>
        <line num="788" type="stmt" count="14"/>
        <line num="800" type="method" name="_check_and_set_code" crap="7.20" count="2"/>
        <line num="802" type="stmt" count="2"/>
        <line num="803" type="stmt" count="2"/>
        <line num="804" type="stmt" count="0"/>
        <line num="805" type="stmt" count="0"/>
        <line num="810" type="stmt" count="2"/>
        <line num="811" type="stmt" count="2"/>
        <line num="813" type="stmt" count="2"/>
        <line num="814" type="stmt" count="2"/>
        <line num="815" type="stmt" count="2"/>
        <line num="816" type="stmt" count="2"/>
        <line num="817" type="stmt" count="2"/>
        <line num="820" type="stmt" count="2"/>
        <line num="821" type="stmt" count="2"/>
        <line num="822" type="stmt" count="2"/>
        <line num="823" type="stmt" count="0"/>
        <line num="824" type="stmt" count="0"/>
        <line num="827" type="stmt" count="2"/>
        <line num="828" type="stmt" count="2"/>
        <line num="830" type="stmt" count="2"/>
        <line num="831" type="stmt" count="2"/>
        <line num="832" type="stmt" count="2"/>
        <line num="833" type="stmt" count="2"/>
        <line num="834" type="stmt" count="2"/>
        <line num="836" type="stmt" count="2"/>
        <line num="837" type="stmt" count="2"/>
        <line num="851" type="method" name="_check_and_convert_datetime" crap="14.81" count="22"/>
        <line num="853" type="stmt" count="22"/>
        <line num="854" type="stmt" count="22"/>
        <line num="855" type="stmt" count="22"/>
        <line num="856" type="stmt" count="22"/>
        <line num="857" type="stmt" count="22"/>
        <line num="858" type="stmt" count="22"/>
        <line num="859" type="stmt" count="8"/>
        <line num="860" type="stmt" count="8"/>
        <line num="861" type="stmt" count="0"/>
        <line num="863" type="stmt" count="8"/>
        <line num="864" type="stmt" count="8"/>
        <line num="868" type="stmt" count="22"/>
        <line num="869" type="stmt" count="22"/>
        <line num="870" type="stmt" count="22"/>
        <line num="871" type="stmt" count="22"/>
        <line num="873" type="stmt" count="0"/>
        <line num="874" type="stmt" count="0"/>
        <line num="876" type="stmt" count="0"/>
        <line num="877" type="stmt" count="0"/>
        <line num="878" type="stmt" count="0"/>
        <line num="881" type="stmt" count="0"/>
        <line num="883" type="stmt" count="0"/>
        <line num="884" type="stmt" count="0"/>
        <line num="887" type="stmt" count="22"/>
        <line num="889" type="stmt" count="22"/>
        <line num="890" type="stmt" count="22"/>
        <line num="893" type="stmt" count="0"/>
        <line num="896" type="stmt" count="22"/>
        <line num="898" type="stmt" count="0"/>
        <line num="901" type="stmt" count="22"/>
        <line num="902" type="stmt" count="22"/>
        <line num="903" type="stmt" count="0"/>
        <line num="906" type="stmt" count="22"/>
        <line num="917" type="method" name="_weight" crap="4.04" count="52"/>
        <line num="919" type="stmt" count="52"/>
        <line num="920" type="stmt" count="52"/>
        <line num="921" type="stmt" count="52"/>
        <line num="923" type="stmt" count="52"/>
        <line num="924" type="stmt" count="52"/>
        <line num="925" type="stmt" count="0"/>
        <line num="926" type="stmt" count="0"/>
        <line num="927" type="stmt" count="52"/>
        <line num="928" type="stmt" count="52"/>
        <line num="929" type="stmt" count="52"/>
        <line num="930" type="stmt" count="52"/>
        <line num="931" type="stmt" count="52"/>
        <line num="932" type="stmt" count="52"/>
        <line num="933" type="stmt" count="52"/>
        <line num="934" type="stmt" count="52"/>
        <metrics loc="936" ncloc="727" classes="1" methods="15" coveredmethods="6" conditionals="0" coveredconditionals="0" statements="463" coveredstatements="356" elements="478" coveredelements="362"/>
      </file>
      <file name="/home/nicorec/TestDataGenerator/src/TDG.php">
        <class name="TDG" namespace="rokugasenpai\TestDataGenerator" fullPackage="TestDataGenerator" package="TestDataGenerator">
          <metrics methods="11" coveredmethods="4" conditionals="0" coveredconditionals="0" statements="258" coveredstatements="204" elements="269" coveredelements="208"/>
        </class>
        <line num="27" type="stmt" count="1"/>
        <line num="35" type="stmt" count="1"/>
        <line num="38" type="stmt" count="0"/>
        <line num="40" type="stmt" count="1"/>
        <line num="87" type="method" name="__construct" crap="4.06" count="69"/>
        <line num="89" type="stmt" count="69"/>
        <line num="90" type="stmt" count="69"/>
        <line num="91" type="stmt" count="69"/>
        <line num="92" type="stmt" count="69"/>
        <line num="93" type="stmt" count="69"/>
        <line num="94" type="stmt" count="69"/>
        <line num="95" type="stmt" count="0"/>
        <line num="96" type="stmt" count="0"/>
        <line num="98" type="stmt" count="69"/>
        <line num="100" type="stmt" count="69"/>
        <line num="102" type="stmt" count="69"/>
        <line num="104" type="stmt" count="69"/>
        <line num="105" type="stmt" count="69"/>
        <line num="111" type="method" name="__destruct" crap="2" count="69"/>
        <line num="113" type="stmt" count="69"/>
        <line num="114" type="stmt" count="69"/>
        <line num="127" type="method" name="main" crap="16" count="69"/>
        <line num="129" type="stmt" count="69"/>
        <line num="130" type="stmt" count="69"/>
        <line num="131" type="stmt" count="69"/>
        <line num="132" type="stmt" count="69"/>
        <line num="133" type="stmt" count="69"/>
        <line num="134" type="stmt" count="69"/>
        <line num="136" type="stmt" count="69"/>
        <line num="137" type="stmt" count="69"/>
        <line num="138" type="stmt" count="6"/>
        <line num="139" type="stmt" count="6"/>
        <line num="140" type="stmt" count="6"/>
        <line num="141" type="stmt" count="6"/>
        <line num="143" type="stmt" count="69"/>
        <line num="144" type="stmt" count="69"/>
        <line num="145" type="stmt" count="69"/>
        <line num="146" type="stmt" count="69"/>
        <line num="148" type="stmt" count="69"/>
        <line num="149" type="stmt" count="69"/>
        <line num="150" type="stmt" count="69"/>
        <line num="152" type="stmt" count="69"/>
        <line num="153" type="stmt" count="69"/>
        <line num="154" type="stmt" count="69"/>
        <line num="155" type="stmt" count="69"/>
        <line num="157" type="stmt" count="69"/>
        <line num="158" type="stmt" count="69"/>
        <line num="159" type="stmt" count="2"/>
        <line num="160" type="stmt" count="2"/>
        <line num="161" type="stmt" count="2"/>
        <line num="162" type="stmt" count="2"/>
        <line num="164" type="stmt" count="69"/>
        <line num="165" type="stmt" count="69"/>
        <line num="166" type="stmt" count="69"/>
        <line num="167" type="stmt" count="69"/>
        <line num="169" type="stmt" count="69"/>
        <line num="170" type="stmt" count="69"/>
        <line num="173" type="stmt" count="69"/>
        <line num="174" type="stmt" count="69"/>
        <line num="175" type="stmt" count="69"/>
        <line num="178" type="stmt" count="69"/>
        <line num="179" type="stmt" count="1"/>
        <line num="180" type="stmt" count="1"/>
        <line num="181" type="stmt" count="69"/>
        <line num="194" type="method" name="get_config" crap="9.21" count="69"/>
        <line num="196" type="stmt" count="69"/>
        <line num="198" type="stmt" count="69"/>
        <line num="199" type="stmt" count="69"/>
        <line num="200" type="stmt" count="1"/>
        <line num="201" type="stmt" count="1"/>
        <line num="202" type="stmt" count="1"/>
        <line num="203" type="stmt" count="1"/>
        <line num="204" type="stmt" count="0"/>
        <line num="205" type="stmt" count="0"/>
        <line num="206" type="stmt" count="0"/>
        <line num="207" type="stmt" count="0"/>
        <line num="210" type="stmt" count="0"/>
        <line num="212" type="stmt" count="1"/>
        <line num="215" type="stmt" count="68"/>
        <line num="216" type="stmt" count="68"/>
        <line num="217" type="stmt" count="68"/>
        <line num="218" type="stmt" count="68"/>
        <line num="219" type="stmt" count="34"/>
        <line num="220" type="stmt" count="34"/>
        <line num="221" type="stmt" count="34"/>
        <line num="222" type="stmt" count="34"/>
        <line num="223" type="stmt" count="34"/>
        <line num="224" type="stmt" count="34"/>
        <line num="227" type="stmt" count="0"/>
        <line num="229" type="stmt" count="68"/>
        <line num="232" type="stmt" count="0"/>
        <line num="236" type="stmt" count="69"/>
        <line num="237" type="stmt" count="69"/>
        <line num="238" type="stmt" count="0"/>
        <line num="241" type="stmt" count="69"/>
        <line num="252" type="method" name="execute_pre_proc" crap="1" count="6"/>
        <line num="254" type="stmt" count="6"/>
        <line num="255" type="stmt" count="6"/>
        <line num="265" type="method" name="execute_post_proc" crap="1" count="2"/>
        <line num="267" type="stmt" count="2"/>
        <line num="268" type="stmt" count="2"/>
        <line num="276" type="method" name="generate_data" crap="6.17" count="69"/>
        <line num="278" type="stmt" count="69"/>
        <line num="280" type="stmt" count="69"/>
        <line num="282" type="stmt" count="69"/>
        <line num="283" type="stmt" count="69"/>
        <line num="284" type="stmt" count="69"/>
        <line num="286" type="stmt" count="69"/>
        <line num="288" type="stmt" count="69"/>
        <line num="289" type="stmt" count="69"/>
        <line num="290" type="stmt" count="0"/>
        <line num="293" type="stmt" count="69"/>
        <line num="294" type="stmt" count="69"/>
        <line num="295" type="stmt" count="67"/>
        <line num="296" type="stmt" count="67"/>
        <line num="297" type="stmt" count="67"/>
        <line num="299" type="stmt" count="69"/>
        <line num="300" type="stmt" count="69"/>
        <line num="301" type="stmt" count="0"/>
        <line num="302" type="stmt" count="0"/>
        <line num="303" type="stmt" count="0"/>
        <line num="306" type="stmt" count="69"/>
        <line num="308" type="stmt" count="69"/>
        <line num="310" type="stmt" count="69"/>
        <line num="311" type="stmt" count="69"/>
        <line num="312" type="stmt" count="69"/>
        <line num="328" type="method" name="_execute_proc" crap="12.89" count="6"/>
        <line num="330" type="stmt" count="6"/>
        <line num="332" type="stmt" count="6"/>
        <line num="333" type="stmt" count="6"/>
        <line num="334" type="stmt" count="6"/>
        <line num="336" type="stmt" count="6"/>
        <line num="337" type="stmt" count="6"/>
        <line num="338" type="stmt" count="6"/>
        <line num="339" type="stmt" count="6"/>
        <line num="340" type="stmt" count="6"/>
        <line num="341" type="stmt" count="6"/>
        <line num="342" type="stmt" count="6"/>
        <line num="343" type="stmt" count="6"/>
        <line num="344" type="stmt" count="6"/>
        <line num="346" type="stmt" count="6"/>
        <line num="347" type="stmt" count="6"/>
        <line num="348" type="stmt" count="0"/>
        <line num="350" type="stmt" count="6"/>
        <line num="353" type="stmt" count="0"/>
        <line num="354" type="stmt" count="0"/>
        <line num="355" type="stmt" count="0"/>
        <line num="356" type="stmt" count="0"/>
        <line num="357" type="stmt" count="0"/>
        <line num="358" type="stmt" count="0"/>
        <line num="359" type="stmt" count="0"/>
        <line num="360" type="stmt" count="0"/>
        <line num="363" type="stmt" count="6"/>
        <line num="364" type="stmt" count="6"/>
        <line num="365" type="stmt" count="6"/>
        <line num="366" type="stmt" count="6"/>
        <line num="367" type="stmt" count="6"/>
        <line num="369" type="stmt" count="6"/>
        <line num="370" type="stmt" count="6"/>
        <line num="371" type="stmt" count="0"/>
        <line num="373" type="stmt" count="6"/>
        <line num="376" type="stmt" count="6"/>
        <line num="380" type="stmt" count="6"/>
        <line num="381" type="stmt" count="6"/>
        <line num="382" type="stmt" count="6"/>
        <line num="383" type="stmt" count="6"/>
        <line num="384" type="stmt" count="6"/>
        <line num="386" type="stmt" count="6"/>
        <line num="387" type="stmt" count="0"/>
        <line num="389" type="stmt" count="6"/>
        <line num="390" type="stmt" count="6"/>
        <line num="398" type="method" name="_check_and_set_env" crap="3.01" count="69"/>
        <line num="400" type="stmt" count="69"/>
        <line num="401" type="stmt" count="69"/>
        <line num="403" type="stmt" count="69"/>
        <line num="404" type="stmt" count="69"/>
        <line num="405" type="stmt" count="0"/>
        <line num="407" type="stmt" count="69"/>
        <line num="409" type="stmt" count="69"/>
        <line num="411" type="stmt" count="69"/>
        <line num="412" type="stmt" count="69"/>
        <line num="413" type="stmt" count="69"/>
        <line num="421" type="method" name="_connect_db" crap="12.39" count="69"/>
        <line num="423" type="stmt" count="69"/>
        <line num="424" type="stmt" count="69"/>
        <line num="425" type="stmt" count="69"/>
        <line num="426" type="stmt" count="69"/>
        <line num="427" type="stmt" count="69"/>
        <line num="429" type="stmt" count="69"/>
        <line num="430" type="stmt" count="69"/>
        <line num="431" type="stmt" count="55"/>
        <line num="434" type="stmt" count="14"/>
        <line num="438" type="stmt" count="14"/>
        <line num="440" type="stmt" count="14"/>
        <line num="441" type="stmt" count="14"/>
        <line num="442" type="stmt" count="14"/>
        <line num="443" type="stmt" count="14"/>
        <line num="445" type="stmt" count="14"/>
        <line num="447" type="stmt" count="14"/>
        <line num="448" type="stmt" count="14"/>
        <line num="450" type="stmt" count="14"/>
        <line num="451" type="stmt" count="0"/>
        <line num="453" type="stmt" count="14"/>
        <line num="454" type="stmt" count="14"/>
        <line num="455" type="stmt" count="0"/>
        <line num="456" type="stmt" count="0"/>
        <line num="457" type="stmt" count="14"/>
        <line num="459" type="stmt" count="14"/>
        <line num="460" type="stmt" count="14"/>
        <line num="461" type="stmt" count="0"/>
        <line num="467" type="stmt" count="14"/>
        <line num="468" type="stmt" count="14"/>
        <line num="469" type="stmt" count="14"/>
        <line num="471" type="stmt" count="14"/>
        <line num="472" type="stmt" count="14"/>
        <line num="473" type="stmt" count="14"/>
        <line num="475" type="stmt" count="14"/>
        <line num="477" type="stmt" count="0"/>
        <line num="479" type="stmt" count="14"/>
        <line num="485" type="method" name="_output_spec_file" crap="23.77" count="1"/>
        <line num="488" type="stmt" count="1"/>
        <line num="489" type="stmt" count="1"/>
        <line num="490" type="stmt" count="1"/>
        <line num="492" type="stmt" count="1"/>
        <line num="493" type="stmt" count="1"/>
        <line num="494" type="stmt" count="1"/>
        <line num="495" type="stmt" count="1"/>
        <line num="497" type="stmt" count="0"/>
        <line num="498" type="stmt" count="0"/>
        <line num="499" type="stmt" count="0"/>
        <line num="500" type="stmt" count="0"/>
        <line num="501" type="stmt" count="0"/>
        <line num="502" type="stmt" count="0"/>
        <line num="503" type="stmt" count="0"/>
        <line num="504" type="stmt" count="0"/>
        <line num="506" type="stmt" count="0"/>
        <line num="507" type="stmt" count="0"/>
        <line num="508" type="stmt" count="0"/>
        <line num="510" type="stmt" count="0"/>
        <line num="511" type="stmt" count="0"/>
        <line num="512" type="stmt" count="0"/>
        <line num="513" type="stmt" count="0"/>
        <line num="514" type="stmt" count="0"/>
        <line num="516" type="stmt" count="0"/>
        <line num="517" type="stmt" count="0"/>
        <line num="518" type="stmt" count="0"/>
        <line num="519" type="stmt" count="0"/>
        <line num="520" type="stmt" count="0"/>
        <line num="521" type="stmt" count="0"/>
        <line num="522" type="stmt" count="0"/>
        <line num="527" type="stmt" count="1"/>
        <line num="529" type="stmt" count="1"/>
        <line num="531" type="stmt" count="1"/>
        <line num="532" type="stmt" count="1"/>
        <line num="533" type="stmt" count="1"/>
        <line num="534" type="stmt" count="1"/>
        <line num="535" type="stmt" count="1"/>
        <line num="537" type="stmt" count="1"/>
        <line num="540" type="stmt" count="1"/>
        <line num="541" type="stmt" count="1"/>
        <line num="542" type="stmt" count="1"/>
        <line num="544" type="stmt" count="1"/>
        <line num="545" type="stmt" count="1"/>
        <line num="547" type="stmt" count="1"/>
        <line num="549" type="stmt" count="1"/>
        <line num="550" type="stmt" count="1"/>
        <line num="551" type="stmt" count="1"/>
        <line num="552" type="stmt" count="1"/>
        <line num="553" type="stmt" count="1"/>
        <line num="554" type="stmt" count="1"/>
        <line num="555" type="stmt" count="1"/>
        <line num="557" type="stmt" count="1"/>
        <line num="558" type="stmt" count="1"/>
        <metrics loc="559" ncloc="442" classes="1" methods="11" coveredmethods="4" conditionals="0" coveredconditionals="0" statements="262" coveredstatements="207" elements="273" coveredelements="211"/>
      </file>
      <file name="/home/nicorec/TestDataGenerator/src/TDGBase.php">
        <class name="TDGBase" namespace="rokugasenpai\TestDataGenerator" fullPackage="TestDataGenerator" package="TestDataGenerator">
          <metrics methods="7" coveredmethods="2" conditionals="0" coveredconditionals="0" statements="32" coveredstatements="8" elements="39" coveredelements="10"/>
        </class>
        <class name="ReadOnly" namespace="rokugasenpai\TestDataGenerator" fullPackage="TestDataGenerator" package="TestDataGenerator">
          <metrics methods="2" coveredmethods="0" conditionals="0" coveredconditionals="0" statements="11" coveredstatements="5" elements="13" coveredelements="5"/>
        </class>
        <line num="57" type="method" name="__construct" crap="1" count="69"/>
        <line num="59" type="stmt" count="69"/>
        <line num="60" type="stmt" count="69"/>
        <line num="61" type="stmt" count="69"/>
        <line num="69" type="method" name="get_values" crap="12" count="0"/>
        <line num="71" type="stmt" count="0"/>
        <line num="72" type="stmt" count="0"/>
        <line num="74" type="stmt" count="0"/>
        <line num="75" type="stmt" count="0"/>
        <line num="76" type="stmt" count="0"/>
        <line num="77" type="stmt" count="0"/>
        <line num="78" type="stmt" count="0"/>
        <line num="79" type="stmt" count="0"/>
        <line num="88" type="method" name="_restore_props" crap="12" count="0"/>
        <line num="90" type="stmt" count="0"/>
        <line num="92" type="stmt" count="0"/>
        <line num="93" type="stmt" count="0"/>
        <line num="95" type="stmt" count="0"/>
        <line num="97" type="stmt" count="0"/>
        <line num="98" type="stmt" count="0"/>
        <line num="99" type="stmt" count="0"/>
        <line num="110" type="method" name="_get_errors" crap="2" count="0"/>
        <line num="112" type="stmt" count="0"/>
        <line num="125" type="method" name="_exists_error" crap="4" count="69"/>
        <line num="127" type="stmt" count="69"/>
        <line num="128" type="stmt" count="69"/>
        <line num="129" type="stmt" count="69"/>
        <line num="132" type="stmt" count="69"/>
        <line num="133" type="method" name="anonymous function" crap="3.19" count="69"/>
        <line num="134" type="stmt" count="0"/>
        <line num="135" type="stmt" count="0"/>
        <line num="136" type="stmt" count="69"/>
        <line num="137" type="stmt" count="69"/>
        <line num="138" type="stmt" count="0"/>
        <line num="142" type="stmt" count="69"/>
        <line num="155" type="method" name="_set_error" crap="6" count="0"/>
        <line num="157" type="stmt" count="0"/>
        <line num="158" type="stmt" count="0"/>
        <line num="159" type="stmt" count="0"/>
        <line num="160" type="stmt" count="0"/>
        <line num="161" type="stmt" count="0"/>
        <line num="162" type="stmt" count="0"/>
        <line num="213" type="method" name="__get" crap="3.79" count="69"/>
        <line num="215" type="stmt" count="69"/>
        <line num="216" type="stmt" count="69"/>
        <line num="217" type="stmt" count="0"/>
        <line num="218" type="stmt" count="0"/>
        <line num="221" type="stmt" count="69"/>
        <line num="222" type="stmt" count="69"/>
        <line num="223" type="stmt" count="0"/>
        <line num="224" type="stmt" count="0"/>
        <line num="227" type="stmt" count="69"/>
        <line num="239" type="method" name="__set" crap="2" count="0"/>
        <line num="241" type="stmt" count="0"/>
        <line num="242" type="stmt" count="0"/>
        <metrics loc="244" ncloc="116" classes="2" methods="9" coveredmethods="2" conditionals="0" coveredconditionals="0" statements="46" coveredstatements="15" elements="55" coveredelements="17"/>
      </file>
      <file name="/home/nicorec/TestDataGenerator/src/TDGException.php">
        <class name="TDGException" namespace="rokugasenpai\TestDataGenerator" fullPackage="TestDataGenerator" package="TestDataGenerator">
          <metrics methods="1" coveredmethods="0" conditionals="0" coveredconditionals="0" statements="18" coveredstatements="0" elements="19" coveredelements="0"/>
        </class>
        <line num="71" type="method" name="__construct" crap="42" count="0"/>
        <line num="73" type="stmt" count="0"/>
        <line num="74" type="stmt" count="0"/>
        <line num="75" type="stmt" count="0"/>
        <line num="76" type="stmt" count="0"/>
        <line num="77" type="stmt" count="0"/>
        <line num="78" type="stmt" count="0"/>
        <line num="79" type="stmt" count="0"/>
        <line num="80" type="stmt" count="0"/>
        <line num="81" type="stmt" count="0"/>
        <line num="82" type="stmt" count="0"/>
        <line num="83" type="stmt" count="0"/>
        <line num="84" type="stmt" count="0"/>
        <line num="85" type="stmt" count="0"/>
        <line num="86" type="stmt" count="0"/>
        <line num="87" type="stmt" count="0"/>
        <line num="88" type="stmt" count="0"/>
        <line num="89" type="stmt" count="0"/>
        <line num="90" type="stmt" count="0"/>
        <metrics loc="91" ncloc="50" classes="1" methods="1" coveredmethods="0" conditionals="0" coveredconditionals="0" statements="18" coveredstatements="0" elements="19" coveredelements="0"/>
      </file>
      <file name="/home/nicorec/TestDataGenerator/src/Util.php">
        <class name="Util" namespace="rokugasenpai\TestDataGenerator" fullPackage="TestDataGenerator" package="TestDataGenerator">
          <metrics methods="16" coveredmethods="7" conditionals="0" coveredconditionals="0" statements="644" coveredstatements="561" elements="660" coveredelements="568"/>
        </class>
        <line num="60" type="method" name="is_numeric_uint" crap="3" count="95"/>
        <line num="62" type="stmt" count="95"/>
        <line num="75" type="method" name="array_depth" crap="6" count="4"/>
        <line num="77" type="stmt" count="4"/>
        <line num="78" type="stmt" count="4"/>
        <line num="79" type="stmt" count="2"/>
        <line num="80" type="stmt" count="2"/>
        <line num="81" type="stmt" count="2"/>
        <line num="83" type="stmt" count="2"/>
        <line num="84" type="stmt" count="2"/>
        <line num="85" type="stmt" count="1"/>
        <line num="86" type="stmt" count="1"/>
        <line num="87" type="stmt" count="2"/>
        <line num="88" type="stmt" count="2"/>
        <line num="90" type="stmt" count="2"/>
        <line num="104" type="method" name="s_to_hms" crap="6" count="78"/>
        <line num="106" type="stmt" count="78"/>
        <line num="107" type="stmt" count="78"/>
        <line num="108" type="stmt" count="2"/>
        <line num="111" type="stmt" count="76"/>
        <line num="112" type="stmt" count="76"/>
        <line num="113" type="stmt" count="76"/>
        <line num="115" type="stmt" count="76"/>
        <line num="116" type="stmt" count="76"/>
        <line num="117" type="stmt" count="76"/>
        <line num="118" type="stmt" count="76"/>
        <line num="120" type="stmt" count="76"/>
        <line num="131" type="method" name="json_last_error_msg" crap="11.19" count="41"/>
        <line num="133" type="stmt" count="41"/>
        <line num="137" type="stmt" count="41"/>
        <line num="138" type="stmt" count="0"/>
        <line num="140" type="stmt" count="41"/>
        <line num="141" type="stmt" count="0"/>
        <line num="143" type="stmt" count="41"/>
        <line num="144" type="stmt" count="0"/>
        <line num="146" type="stmt" count="41"/>
        <line num="147" type="stmt" count="2"/>
        <line num="149" type="stmt" count="39"/>
        <line num="150" type="stmt" count="0"/>
        <line num="152" type="stmt" count="39"/>
        <line num="153" type="stmt" count="0"/>
        <line num="155" type="stmt" count="39"/>
        <line num="156" type="stmt" count="1"/>
        <line num="158" type="stmt" count="38"/>
        <line num="159" type="stmt" count="0"/>
        <line num="161" type="stmt" count="38"/>
        <line num="162" type="stmt" count="38"/>
        <line num="163" type="stmt" count="38"/>
        <line num="179" type="method" name="json_encode" crap="14" count="3"/>
        <line num="181" type="stmt" count="3"/>
        <line num="182" type="stmt" count="3"/>
        <line num="183" type="stmt" count="3"/>
        <line num="184" type="stmt" count="1"/>
        <line num="187" type="stmt" count="2"/>
        <line num="188" type="stmt" count="2"/>
        <line num="190" type="stmt" count="2"/>
        <line num="191" type="stmt" count="2"/>
        <line num="192" type="stmt" count="2"/>
        <line num="193" type="stmt" count="2"/>
        <line num="194" type="stmt" count="2"/>
        <line num="195" type="stmt" count="2"/>
        <line num="197" type="stmt" count="2"/>
        <line num="199" type="stmt" count="2"/>
        <line num="200" type="stmt" count="2"/>
        <line num="214" type="method" name="json_decode" crap="3.04" count="38"/>
        <line num="216" type="stmt" count="38"/>
        <line num="217" type="stmt" count="0"/>
        <line num="219" type="stmt" count="38"/>
        <line num="221" type="stmt" count="38"/>
        <line num="223" type="stmt" count="38"/>
        <line num="224" type="stmt" count="37"/>
        <line num="236" type="method" name="normalize_charset" crap="5.01" count="16"/>
        <line num="238" type="stmt" count="16"/>
        <line num="239" type="stmt" count="1"/>
        <line num="241" type="stmt" count="16"/>
        <line num="242" type="stmt" count="16"/>
        <line num="243" type="stmt" count="16"/>
        <line num="244" type="stmt" count="1"/>
        <line num="245" type="stmt" count="1"/>
        <line num="248" type="stmt" count="15"/>
        <line num="250" type="stmt" count="16"/>
        <line num="252" type="stmt" count="16"/>
        <line num="253" type="stmt" count="16"/>
        <line num="254" type="stmt" count="16"/>
        <line num="256" type="stmt" count="1"/>
        <line num="257" type="stmt" count="0"/>
        <line num="270" type="method" name="check_ext" crap="3" count="70"/>
        <line num="272" type="stmt" count="70"/>
        <line num="273" type="stmt" count="70"/>
        <line num="274" type="stmt" count="70"/>
        <line num="275" type="stmt" count="69"/>
        <line num="277" type="stmt" count="38"/>
        <line num="291" type="method" name="get_data_by_json_file" crap="1" count="37"/>
        <line num="293" type="stmt" count="37"/>
        <line num="306" type="method" name="get_data_by_yml_file" crap="2.02" count="36"/>
        <line num="308" type="stmt" count="36"/>
        <line num="309" type="stmt" count="36"/>
        <line num="313" type="stmt" count="36"/>
        <line num="315" type="stmt" count="36"/>
        <line num="317" type="stmt" count="0"/>
        <line num="320" type="stmt" count="35"/>
        <line num="343" type="method" name="create_weighted_csv" crap="57.50" count="10"/>
        <line num="346" type="stmt" count="10"/>
        <line num="347" type="stmt" count="10"/>
        <line num="348" type="stmt" count="10"/>
        <line num="349" type="stmt" count="0"/>
        <line num="350" type="stmt" count="0"/>
        <line num="351" type="stmt" count="10"/>
        <line num="352" type="stmt" count="1"/>
        <line num="353" type="stmt" count="10"/>
        <line num="354" type="stmt" count="0"/>
        <line num="355" type="stmt" count="10"/>
        <line num="356" type="stmt" count="10"/>
        <line num="357" type="stmt" count="10"/>
        <line num="358" type="stmt" count="10"/>
        <line num="359" type="stmt" count="10"/>
        <line num="360" type="stmt" count="0"/>
        <line num="362" type="stmt" count="10"/>
        <line num="363" type="stmt" count="10"/>
        <line num="364" type="stmt" count="0"/>
        <line num="366" type="stmt" count="10"/>
        <line num="369" type="stmt" count="10"/>
        <line num="370" type="stmt" count="10"/>
        <line num="371" type="stmt" count="9"/>
        <line num="372" type="stmt" count="9"/>
        <line num="373" type="stmt" count="9"/>
        <line num="374" type="stmt" count="9"/>
        <line num="375" type="stmt" count="9"/>
        <line num="376" type="stmt" count="9"/>
        <line num="377" type="stmt" count="9"/>
        <line num="378" type="stmt" count="9"/>
        <line num="380" type="stmt" count="9"/>
        <line num="381" type="stmt" count="9"/>
        <line num="382" type="stmt" count="1"/>
        <line num="383" type="stmt" count="1"/>
        <line num="385" type="stmt" count="9"/>
        <line num="386" type="stmt" count="9"/>
        <line num="387" type="stmt" count="9"/>
        <line num="388" type="stmt" count="8"/>
        <line num="389" type="stmt" count="8"/>
        <line num="390" type="stmt" count="1"/>
        <line num="391" type="stmt" count="1"/>
        <line num="392" type="stmt" count="1"/>
        <line num="393" type="stmt" count="1"/>
        <line num="394" type="stmt" count="0"/>
[...]
        <line num="800" type="stmt" count="22"/>
        <line num="801" type="stmt" count="22"/>
        <line num="805" type="stmt" count="20"/>
        <line num="807" type="stmt" count="22"/>
        <line num="809" type="stmt" count="22"/>
        <line num="810" type="stmt" count="22"/>
        <line num="811" type="stmt" count="16"/>
        <line num="812" type="stmt" count="16"/>
        <line num="814" type="stmt" count="22"/>
        <line num="815" type="stmt" count="22"/>
        <line num="816" type="stmt" count="7"/>
        <line num="817" type="stmt" count="7"/>
        <line num="819" type="stmt" count="22"/>
        <line num="821" type="stmt" count="22"/>
        <line num="822" type="stmt" count="22"/>
        <line num="823" type="stmt" count="19"/>
        <line num="824" type="stmt" count="19"/>
        <line num="828" type="stmt" count="3"/>
        <line num="840" type="method" name="println" crap="4.13" count="6"/>
        <line num="843" type="stmt" count="6"/>
        <line num="844" type="stmt" count="6"/>
        <line num="845" type="stmt" count="4"/>
        <line num="846" type="stmt" count="4"/>
        <line num="847" type="stmt" count="6"/>
        <line num="848" type="stmt" count="6"/>
        <line num="849" type="stmt" count="0"/>
        <line num="850" type="stmt" count="0"/>
        <line num="851" type="stmt" count="6"/>
        <line num="852" type="stmt" count="6"/>
        <line num="870" type="method" name="fputcsv" crap="12" count="73"/>
        <line num="872" type="stmt" count="73"/>
        <line num="873" type="stmt" count="72"/>
        <line num="874" type="stmt" count="73"/>
        <line num="875" type="stmt" count="73"/>
        <line num="876" type="stmt" count="73"/>
        <line num="878" type="stmt" count="73"/>
        <line num="879" type="stmt" count="73"/>
        <line num="880" type="stmt" count="73"/>
        <line num="881" type="stmt" count="73"/>
        <line num="883" type="stmt" count="73"/>
        <line num="885" type="stmt" count="73"/>
        <line num="887" type="stmt" count="73"/>
        <line num="888" type="stmt" count="73"/>
        <line num="889" type="stmt" count="72"/>
        <line num="890" type="stmt" count="72"/>
        <line num="893" type="stmt" count="1"/>
        <line num="896" type="stmt" count="73"/>
        <line num="897" type="stmt" count="73"/>
        <line num="898" type="stmt" count="6"/>
        <line num="899" type="stmt" count="6"/>
        <line num="902" type="stmt" count="73"/>
        <line num="904" type="stmt" count="73"/>
        <line num="907" type="stmt" count="73"/>
        <line num="908" type="stmt" count="73"/>
        <line num="909" type="stmt" count="73"/>
        <line num="910" type="stmt" count="68"/>
        <line num="911" type="stmt" count="68"/>
        <line num="912" type="stmt" count="68"/>
        <line num="913" type="stmt" count="68"/>
        <line num="916" type="stmt" count="0"/>
        <line num="918" type="stmt" count="68"/>
        <line num="919" type="stmt" count="73"/>
        <line num="920" type="stmt" count="73"/>
        <line num="921" type="stmt" count="73"/>
        <line num="949" type="method" name="safely_eval" crap="69.36" count="9"/>
        <line num="952" type="stmt" count="9"/>
        <line num="953" type="stmt" count="1"/>
        <line num="954" type="stmt" count="9"/>
        <line num="955" type="stmt" count="9"/>
        <line num="956" type="stmt" count="9"/>
        <line num="957" type="stmt" count="9"/>
        <line num="959" type="stmt" count="9"/>
        <line num="960" type="stmt" count="9"/>
        <line num="961" type="stmt" count="0"/>
        <line num="964" type="stmt" count="9"/>
        <line num="965" type="stmt" count="9"/>
        <line num="966" type="stmt" count="9"/>
        <line num="967" type="stmt" count="9"/>
        <line num="968" type="stmt" count="9"/>
        <line num="969" type="stmt" count="9"/>
        <line num="970" type="stmt" count="9"/>
        <line num="971" type="stmt" count="9"/>
        <line num="972" type="stmt" count="9"/>
        <line num="973" type="stmt" count="9"/>
        <line num="974" type="stmt" count="9"/>
        <line num="975" type="stmt" count="9"/>
        <line num="976" type="stmt" count="9"/>
        <line num="977" type="stmt" count="9"/>
        <line num="978" type="stmt" count="9"/>
        <line num="979" type="stmt" count="9"/>
        <line num="980" type="stmt" count="9"/>
        <line num="981" type="stmt" count="9"/>
        <line num="982" type="stmt" count="9"/>
        <line num="983" type="stmt" count="9"/>
        <line num="984" type="stmt" count="9"/>
        <line num="985" type="stmt" count="9"/>
        <line num="986" type="stmt" count="9"/>
        <line num="987" type="stmt" count="9"/>
        <line num="988" type="stmt" count="9"/>
        <line num="989" type="stmt" count="9"/>
        <line num="990" type="stmt" count="9"/>
        <line num="991" type="stmt" count="9"/>
        <line num="992" type="stmt" count="9"/>
        <line num="993" type="stmt" count="9"/>
        <line num="994" type="stmt" count="9"/>
        <line num="995" type="stmt" count="9"/>
        <line num="996" type="stmt" count="9"/>
        <line num="997" type="stmt" count="9"/>
        <line num="998" type="stmt" count="9"/>
        <line num="999" type="stmt" count="9"/>
        <line num="1000" type="stmt" count="9"/>
        <line num="1001" type="stmt" count="9"/>
        <line num="1002" type="stmt" count="9"/>
        <line num="1003" type="stmt" count="9"/>
        <line num="1004" type="stmt" count="9"/>
        <line num="1005" type="stmt" count="9"/>
        <line num="1006" type="stmt" count="9"/>
        <line num="1007" type="stmt" count="9"/>
        <line num="1008" type="stmt" count="9"/>
        <line num="1009" type="stmt" count="9"/>
        <line num="1010" type="stmt" count="9"/>
        <line num="1011" type="stmt" count="9"/>
        <line num="1012" type="stmt" count="9"/>
        <line num="1013" type="stmt" count="9"/>
        <line num="1014" type="stmt" count="9"/>
        <line num="1015" type="stmt" count="9"/>
        <line num="1016" type="stmt" count="9"/>
        <line num="1017" type="stmt" count="9"/>
        <line num="1018" type="stmt" count="9"/>
        <line num="1019" type="stmt" count="9"/>
        <line num="1020" type="stmt" count="9"/>
        <line num="1021" type="stmt" count="9"/>
        <line num="1022" type="stmt" count="9"/>
        <line num="1023" type="stmt" count="9"/>
        <line num="1024" type="stmt" count="9"/>
        <line num="1025" type="stmt" count="9"/>
        <line num="1026" type="stmt" count="9"/>
        <line num="1027" type="stmt" count="9"/>
        <line num="1028" type="stmt" count="9"/>
        <line num="1029" type="stmt" count="9"/>
        <line num="1030" type="stmt" count="9"/>
        <line num="1031" type="stmt" count="9"/>
        <line num="1032" type="stmt" count="9"/>
        <line num="1033" type="stmt" count="9"/>
        <line num="1034" type="stmt" count="9"/>
        <line num="1035" type="stmt" count="9"/>
        <line num="1036" type="stmt" count="9"/>
        <line num="1037" type="stmt" count="9"/>
        <line num="1038" type="stmt" count="9"/>
        <line num="1039" type="stmt" count="9"/>
        <line num="1040" type="stmt" count="9"/>
        <line num="1041" type="stmt" count="9"/>
        <line num="1042" type="stmt" count="9"/>
        <line num="1043" type="stmt" count="9"/>
        <line num="1044" type="stmt" count="9"/>
        <line num="1045" type="stmt" count="9"/>
        <line num="1046" type="stmt" count="9"/>
        <line num="1047" type="stmt" count="9"/>
        <line num="1048" type="stmt" count="9"/>
        <line num="1049" type="stmt" count="9"/>
        <line num="1050" type="stmt" count="9"/>
        <line num="1051" type="stmt" count="9"/>
        <line num="1052" type="stmt" count="9"/>
        <line num="1054" type="stmt" count="9"/>
        <line num="1056" type="stmt" count="9"/>
        <line num="1057" type="stmt" count="9"/>
        <line num="1060" type="stmt" count="9"/>
        <line num="1062" type="stmt" count="8"/>
        <line num="1063" type="stmt" count="8"/>
        <line num="1065" type="stmt" count="1"/>
        <line num="1066" type="stmt" count="1"/>
        <line num="1067" type="stmt" count="0"/>
        <line num="1069" type="stmt" count="1"/>
        <line num="1070" type="stmt" count="1"/>
        <line num="1071" type="stmt" count="0"/>
        <line num="1072" type="stmt" count="0"/>
        <line num="1075" type="stmt" count="1"/>
        <line num="1077" type="stmt" count="1"/>
        <line num="1078" type="stmt" count="1"/>
        <line num="1080" type="stmt" count="8"/>
        <line num="1081" type="stmt" count="8"/>
        <line num="1083" type="stmt" count="8"/>
        <line num="1084" type="stmt" count="8"/>
        <line num="1086" type="stmt" count="0"/>
        <line num="1087" type="stmt" count="0"/>
        <line num="1088" type="stmt" count="0"/>
        <line num="1090" type="stmt" count="0"/>
        <line num="1091" type="stmt" count="0"/>
        <line num="1092" type="stmt" count="0"/>
        <line num="1093" type="stmt" count="0"/>
        <line num="1096" type="stmt" count="0"/>
        <line num="1098" type="stmt" count="0"/>
        <line num="1099" type="stmt" count="0"/>
        <line num="1101" type="stmt" count="8"/>
        <line num="1102" type="stmt" count="8"/>
        <line num="1104" type="stmt" count="8"/>
        <line num="1105" type="stmt" count="8"/>
        <line num="1107" type="stmt" count="2"/>
        <line num="1108" type="stmt" count="2"/>
        <line num="1109" type="stmt" count="0"/>
        <line num="1111" type="stmt" count="2"/>
        <line num="1112" type="stmt" count="2"/>
        <line num="1113" type="stmt" count="2"/>
        <line num="1114" type="stmt" count="2"/>
        <line num="1117" type="stmt" count="0"/>
        <line num="1119" type="stmt" count="0"/>
        <line num="1120" type="stmt" count="0"/>
        <line num="1122" type="stmt" count="8"/>
        <line num="1123" type="stmt" count="8"/>
        <line num="1124" type="stmt" count="8"/>
        <line num="1126" type="stmt" count="9"/>
        <line num="1127" type="stmt" count="9"/>
        <line num="1128" type="stmt" count="0"/>
        <line num="1132" type="stmt" count="9"/>
        <line num="1133" type="stmt" count="9"/>
        <line num="1134" type="stmt" count="0"/>
        <line num="1135" type="stmt" count="0"/>
        <line num="1138" type="stmt" count="9"/>
        <line num="1140" type="stmt" count="8"/>
        <line num="1141" type="stmt" count="8"/>
        <line num="1142" type="stmt" count="8"/>
        <line num="1143" type="stmt" count="8"/>
        <line num="1144" type="stmt" count="0"/>
        <line num="1146" type="stmt" count="8"/>
        <line num="1148" type="stmt" count="0"/>
        <line num="1149" type="stmt" count="0"/>
        <line num="1150" type="stmt" count="0"/>
        <line num="1152" type="stmt" count="8"/>
        <line num="1153" type="stmt" count="8"/>
        <line num="1154" type="stmt" count="8"/>
        <line num="1155" type="stmt" count="8"/>
        <line num="1156" type="stmt" count="0"/>
        <line num="1157" type="stmt" count="0"/>
        <line num="1158" type="stmt" count="0"/>
        <line num="1160" type="stmt" count="0"/>
        <line num="1162" type="stmt" count="0"/>
        <line num="1163" type="stmt" count="0"/>
        <line num="1164" type="stmt" count="0"/>
        <line num="1166" type="stmt" count="0"/>
        <line num="1167" type="stmt" count="0"/>
        <line num="1168" type="stmt" count="9"/>
        <line num="1170" type="stmt" count="9"/>
        <line num="1171" type="stmt" count="9"/>
        <line num="1173" type="stmt" count="9"/>
        <line num="1174" type="stmt" count="9"/>
        <line num="1176" type="stmt" count="9"/>
        <line num="1177" type="stmt" count="9"/>
        <line num="1178" type="stmt" count="8"/>
        <line num="1179" type="stmt" count="8"/>
        <line num="1180" type="stmt" count="1"/>
        <line num="1182" type="stmt" count="8"/>
        <line num="1183" type="stmt" count="8"/>
        <line num="1184" type="stmt" count="1"/>
        <line num="1186" type="stmt" count="8"/>
        <line num="1189" type="stmt" count="9"/>
        <line num="1190" type="stmt" count="9"/>
        <line num="1191" type="stmt" count="1"/>
        <line num="1192" type="stmt" count="1"/>
        <line num="1193" type="stmt" count="1"/>
        <line num="1194" type="stmt" count="1"/>
        <line num="1195" type="stmt" count="0"/>
        <line num="1197" type="stmt" count="1"/>
        <line num="1198" type="stmt" count="1"/>
        <line num="1199" type="stmt" count="1"/>
        <line num="1201" type="stmt" count="0"/>
        <line num="1202" type="stmt" count="1"/>
        <line num="1205" type="stmt" count="9"/>
        <line num="1206" type="stmt" count="9"/>
        <line num="1207" type="stmt" count="8"/>
        <line num="1208" type="stmt" count="8"/>
        <line num="1209" type="stmt" count="8"/>
        <line num="1210" type="stmt" count="8"/>
        <line num="1211" type="stmt" count="8"/>
        <line num="1212" type="stmt" count="8"/>
        <line num="1215" type="stmt" count="0"/>
        <line num="1216" type="stmt" count="0"/>
        <line num="1217" type="stmt" count="0"/>
        <line num="1218" type="stmt" count="0"/>
        <line num="1219" type="stmt" count="0"/>
        <line num="1221" type="stmt" count="8"/>
        <line num="1222" type="stmt" count="8"/>
        <line num="1223" type="stmt" count="9"/>
        <line num="1224" type="stmt" count="9"/>
        <line num="1227" type="stmt" count="6"/>
        <line num="1228" type="stmt" count="6"/>
        <line num="1229" type="stmt" count="1"/>
        <line num="1232" type="stmt" count="5"/>
        <line num="1233" type="stmt" count="5"/>
        <line num="1234" type="stmt" count="5"/>
        <line num="1235" type="stmt" count="0"/>
        <line num="1237" type="stmt" count="5"/>
        <metrics loc="1239" ncloc="959" classes="1" methods="16" coveredmethods="7" conditionals="0" coveredconditionals="0" statements="666" coveredstatements="583" elements="682" coveredelements="590"/>
      </file>
      <file name="/home/nicorec/TestDataGenerator/src/WeightedArray.php">
        <class name="WeightedArray" namespace="rokugasenpai\TestDataGenerator" fullPackage="TestDataGenerator" package="TestDataGenerator">
          <metrics methods="8" coveredmethods="0" conditionals="0" coveredconditionals="0" statements="82" coveredstatements="28" elements="90" coveredelements="28"/>
        </class>
        <line num="54" type="method" name="__construct" crap="5.40" count="61"/>
        <line num="58" type="stmt" count="61"/>
        <line num="60" type="stmt" count="61"/>
        <line num="61" type="stmt" count="61"/>
        <line num="63" type="stmt" count="61"/>
        <line num="65" type="stmt" count="0"/>
        <line num="66" type="stmt" count="0"/>
        <line num="67" type="stmt" count="0"/>
        <line num="70" type="stmt" count="0"/>
        <line num="72" type="stmt" count="61"/>
        <line num="85" type="method" name="append" crap="3.79" count="61"/>
        <line num="89" type="stmt" count="61"/>
        <line num="90" type="stmt" count="61"/>
        <line num="91" type="stmt" count="61"/>
        <line num="93" type="stmt" count="61"/>
        <line num="95" type="stmt" count="0"/>
        <line num="96" type="stmt" count="0"/>
        <line num="97" type="stmt" count="0"/>
        <line num="100" type="stmt" count="0"/>
        <line num="102" type="stmt" count="61"/>
        <line num="113" type="method" name="rand" crap="8.51" count="60"/>
        <line num="117" type="stmt" count="60"/>
        <line num="118" type="stmt" count="60"/>
        <line num="119" type="stmt" count="60"/>
        <line num="120" type="stmt" count="0"/>
        <line num="122" type="stmt" count="60"/>
        <line num="123" type="stmt" count="60"/>
        <line num="125" type="stmt" count="60"/>
        <line num="126" type="stmt" count="60"/>
        <line num="127" type="stmt" count="60"/>
        <line num="128" type="stmt" count="60"/>
        <line num="130" type="stmt" count="38"/>
        <line num="132" type="stmt" count="0"/>
        <line num="134" type="stmt" count="0"/>
        <line num="135" type="stmt" count="0"/>
        <line num="136" type="stmt" count="0"/>
        <line num="139" type="stmt" count="0"/>
        <line num="141" type="stmt" count="0"/>
        <line num="152" type="method" name="get_array_from_keys" crap="6.00" count="5"/>
        <line num="156" type="stmt" count="5"/>
        <line num="157" type="stmt" count="5"/>
        <line num="159" type="stmt" count="5"/>
        <line num="160" type="stmt" count="5"/>
        <line num="161" type="stmt" count="5"/>
        <line num="163" type="stmt" count="0"/>
        <line num="165" type="stmt" count="0"/>
        <line num="166" type="stmt" count="0"/>
        <line num="167" type="stmt" count="0"/>
        <line num="170" type="stmt" count="0"/>
        <line num="182" type="method" name="offsetExists" crap="30" count="0"/>
        <line num="186" type="stmt" count="0"/>
        <line num="187" type="stmt" count="0"/>
        <line num="190" type="stmt" count="0"/>
        <line num="191" type="stmt" count="0"/>
        <line num="193" type="stmt" count="0"/>
        <line num="194" type="stmt" count="0"/>
        <line num="196" type="stmt" count="0"/>
        <line num="198" type="stmt" count="0"/>
        <line num="199" type="stmt" count="0"/>
        <line num="200" type="stmt" count="0"/>
        <line num="203" type="stmt" count="0"/>
        <line num="215" type="method" name="offsetGet" crap="30" count="0"/>
        <line num="219" type="stmt" count="0"/>
        <line num="220" type="stmt" count="0"/>
        <line num="221" type="stmt" count="0"/>
        <line num="223" type="stmt" count="0"/>
        <line num="224" type="stmt" count="0"/>
        <line num="225" type="stmt" count="0"/>
        <line num="226" type="stmt" count="0"/>
        <line num="228" type="stmt" count="0"/>
        <line num="230" type="stmt" count="0"/>
        <line num="231" type="stmt" count="0"/>
        <line num="232" type="stmt" count="0"/>
        <line num="235" type="stmt" count="0"/>
        <line num="247" type="method" name="offsetSet" crap="4.68" count="61"/>
        <line num="251" type="stmt" count="61"/>
        <line num="253" type="stmt" count="61"/>
        <line num="255" type="stmt" count="0"/>
        <line num="256" type="stmt" count="0"/>
        <line num="257" type="stmt" count="0"/>
        <line num="260" type="stmt" count="0"/>
        <line num="262" type="stmt" count="61"/>
        <line num="272" type="method" name="offsetUnset" crap="12" count="0"/>
        <line num="276" type="stmt" count="0"/>
        <line num="278" type="stmt" count="0"/>
        <line num="280" type="stmt" count="0"/>
        <line num="281" type="stmt" count="0"/>
        <line num="282" type="stmt" count="0"/>
        <line num="285" type="stmt" count="0"/>
        <line num="287" type="stmt" count="0"/>
        <metrics loc="287" ncloc="197" classes="1" methods="8" coveredmethods="0" conditionals="0" coveredconditionals="0" statements="82" coveredstatements="28" elements="90" coveredelements="28"/>
      </file>
    </package>
    <metrics files="10" loc="4814" ncloc="3376" classes="11" methods="104" coveredmethods="35" conditionals="0" coveredconditionals="0" statements="1989" coveredstatements="1498" elements="2093" coveredelements="1533"/>
  </project>
</coverage>
